running develop
running egg_info
creating rl_car_gazebo.egg-info
writing rl_car_gazebo.egg-info/PKG-INFO
writing dependency_links to rl_car_gazebo.egg-info/dependency_links.txt
writing requirements to rl_car_gazebo.egg-info/requires.txt
writing top-level names to rl_car_gazebo.egg-info/top_level.txt
writing manifest file 'rl_car_gazebo.egg-info/SOURCES.txt'
reading manifest file 'rl_car_gazebo.egg-info/SOURCES.txt'
writing manifest file 'rl_car_gazebo.egg-info/SOURCES.txt'
running build_ext
Creating /home/liki777/graduation_project/ros2_ws/install/rl_car_gazebo/lib/python3.10/site-packages/rl-car-gazebo.egg-link (link to .)

Installed /home/liki777/graduation_project/ros2_ws/build/rl_car_gazebo
running symlink_data
creating /home/liki777/graduation_project/ros2_ws/install/rl_car_gazebo/share/ament_index
creating /home/liki777/graduation_project/ros2_ws/install/rl_car_gazebo/share/ament_index/resource_index
creating /home/liki777/graduation_project/ros2_ws/install/rl_car_gazebo/share/ament_index/resource_index/packages
symbolically linking /home/liki777/graduation_project/ros2_ws/build/rl_car_gazebo/resource/rl_car_gazebo -> /home/liki777/graduation_project/ros2_ws/install/rl_car_gazebo/share/ament_index/resource_index/packages
symbolically linking /home/liki777/graduation_project/ros2_ws/build/rl_car_gazebo/package.xml -> /home/liki777/graduation_project/ros2_ws/install/rl_car_gazebo/share/rl_car_gazebo
creating /home/liki777/graduation_project/ros2_ws/install/rl_car_gazebo/share/rl_car_gazebo/launch
symbolically linking /home/liki777/graduation_project/ros2_ws/build/rl_car_gazebo/launch/sim.launch.py -> /home/liki777/graduation_project/ros2_ws/install/rl_car_gazebo/share/rl_car_gazebo/launch
creating /home/liki777/graduation_project/ros2_ws/install/rl_car_gazebo/share/rl_car_gazebo/worlds
symbolically linking /home/liki777/graduation_project/ros2_ws/build/rl_car_gazebo/empty.world -> /home/liki777/graduation_project/ros2_ws/install/rl_car_gazebo/share/rl_car_gazebo/worlds
symbolically linking /home/liki777/graduation_project/ros2_ws/build/rl_car_gazebo/maze.world -> /home/liki777/graduation_project/ros2_ws/install/rl_car_gazebo/share/rl_car_gazebo/worlds
