[1.030s] Invoking command in '/home/liki777/graduation_project/ros2_ws/build/rl_car_gazebo': AMENT_PREFIX_PATH=/home/liki777/graduation_project/ros2_ws/install/rl_car_description:${AMENT_PREFIX_PATH} PYTHONPATH=/home/liki777/graduation_project/ros2_ws/build/rl_car_gazebo/prefix_override:/usr/lib/python3/dist-packages/colcon_core/task/python/colcon_distutils_commands:/home/liki777/graduation_project/ros2_ws/install/rl_car_gazebo/lib/python3.10/site-packages:/home/liki777/graduation_project/ros2_ws/build/rl_car_description:/home/liki777/graduation_project/ros2_ws/install/rl_car_description/lib/python3.10/site-packages:${PYTHONPATH} /usr/bin/python3 -W ignore:setup.py install is deprecated -W ignore:easy_install command is deprecated setup.py develop --editable --build-directory /home/liki777/graduation_project/ros2_ws/build/rl_car_gazebo/build --no-deps symlink_data
[1.179s] running develop
[1.267s] running egg_info
[1.268s] creating rl_car_gazebo.egg-info
[1.268s] writing rl_car_gazebo.egg-info/PKG-INFO
[1.268s] writing dependency_links to rl_car_gazebo.egg-info/dependency_links.txt
[1.268s] writing requirements to rl_car_gazebo.egg-info/requires.txt
[1.268s] writing top-level names to rl_car_gazebo.egg-info/top_level.txt
[1.269s] writing manifest file 'rl_car_gazebo.egg-info/SOURCES.txt'
[1.270s] reading manifest file 'rl_car_gazebo.egg-info/SOURCES.txt'
[1.270s] writing manifest file 'rl_car_gazebo.egg-info/SOURCES.txt'
[1.271s] running build_ext
[1.271s] Creating /home/liki777/graduation_project/ros2_ws/install/rl_car_gazebo/lib/python3.10/site-packages/rl-car-gazebo.egg-link (link to .)
[1.271s] 
[1.271s] Installed /home/liki777/graduation_project/ros2_ws/build/rl_car_gazebo
[1.271s] running symlink_data
[1.272s] creating /home/liki777/graduation_project/ros2_ws/install/rl_car_gazebo/share/ament_index
[1.272s] creating /home/liki777/graduation_project/ros2_ws/install/rl_car_gazebo/share/ament_index/resource_index
[1.272s] creating /home/liki777/graduation_project/ros2_ws/install/rl_car_gazebo/share/ament_index/resource_index/packages
[1.272s] symbolically linking /home/liki777/graduation_project/ros2_ws/build/rl_car_gazebo/resource/rl_car_gazebo -> /home/liki777/graduation_project/ros2_ws/install/rl_car_gazebo/share/ament_index/resource_index/packages
[1.272s] symbolically linking /home/liki777/graduation_project/ros2_ws/build/rl_car_gazebo/package.xml -> /home/liki777/graduation_project/ros2_ws/install/rl_car_gazebo/share/rl_car_gazebo
[1.272s] creating /home/liki777/graduation_project/ros2_ws/install/rl_car_gazebo/share/rl_car_gazebo/launch
[1.272s] symbolically linking /home/liki777/graduation_project/ros2_ws/build/rl_car_gazebo/launch/sim.launch.py -> /home/liki777/graduation_project/ros2_ws/install/rl_car_gazebo/share/rl_car_gazebo/launch
[1.273s] creating /home/liki777/graduation_project/ros2_ws/install/rl_car_gazebo/share/rl_car_gazebo/worlds
[1.273s] symbolically linking /home/liki777/graduation_project/ros2_ws/build/rl_car_gazebo/empty.world -> /home/liki777/graduation_project/ros2_ws/install/rl_car_gazebo/share/rl_car_gazebo/worlds
[1.273s] symbolically linking /home/liki777/graduation_project/ros2_ws/build/rl_car_gazebo/maze.world -> /home/liki777/graduation_project/ros2_ws/install/rl_car_gazebo/share/rl_car_gazebo/worlds
[1.290s] Invoked command in '/home/liki777/graduation_project/ros2_ws/build/rl_car_gazebo' returned '0': AMENT_PREFIX_PATH=/home/liki777/graduation_project/ros2_ws/install/rl_car_description:${AMENT_PREFIX_PATH} PYTHONPATH=/home/liki777/graduation_project/ros2_ws/build/rl_car_gazebo/prefix_override:/usr/lib/python3/dist-packages/colcon_core/task/python/colcon_distutils_commands:/home/liki777/graduation_project/ros2_ws/install/rl_car_gazebo/lib/python3.10/site-packages:/home/liki777/graduation_project/ros2_ws/build/rl_car_description:/home/liki777/graduation_project/ros2_ws/install/rl_car_description/lib/python3.10/site-packages:${PYTHONPATH} /usr/bin/python3 -W ignore:setup.py install is deprecated -W ignore:easy_install command is deprecated setup.py develop --editable --build-directory /home/liki777/graduation_project/ros2_ws/build/rl_car_gazebo/build --no-deps symlink_data
