[0.000000] (-) TimerEvent: {}
[0.000176] (rl_car_description) JobQueued: {'identifier': 'rl_car_description', 'dependencies': OrderedDict()}
[0.000218] (rl_car_gazebo) JobQueued: {'identifier': 'rl_car_gazebo', 'dependencies': OrderedDict([('rl_car_description', '/home/liki777/graduation_project/ros2_ws/install/rl_car_description')])}
[0.000232] (rl_car_description) JobStarted: {'identifier': 'rl_car_description'}
[0.099301] (-) TimerEvent: {}
[0.199422] (-) TimerEvent: {}
[0.299570] (-) TimerEvent: {}
[0.399773] (-) TimerEvent: {}
[0.499932] (-) TimerEvent: {}
[0.600131] (-) TimerEvent: {}
[0.700453] (-) TimerEvent: {}
[0.800663] (-) TimerEvent: {}
[0.900868] (-) TimerEvent: {}
[0.941413] (rl_car_description) Command: {'cmd': ['/usr/bin/python3', '-W', 'ignore:setup.py install is deprecated', '-W', 'ignore:easy_install command is deprecated', 'setup.py', 'develop', '--editable', '--build-directory', '/home/liki777/graduation_project/ros2_ws/build/rl_car_description/build', '--no-deps', 'symlink_data'], 'cwd': '/home/liki777/graduation_project/ros2_ws/build/rl_car_description', 'env': {'npm_config_devdir': '/tmp/cursor-sandbox-cache/d003a770341bf67dc69f841df94b80bd/node-gyp', 'LESSOPEN': '| /usr/bin/lesspipe %s', 'VSCODE_CWD': '/mnt/g/cursor', 'VSCODE_ESM_ENTRYPOINT': 'vs/workbench/api/node/extensionHostProcess', 'PUPPETEER_CACHE_DIR': '/tmp/cursor-sandbox-cache/d003a770341bf67dc69f841df94b80bd/puppeteer', 'HTTPS_PROXY': 'http://127.0.0.1:7890', 'no_proxy': '172.31.*,172.30.*,172.29.*,172.28.*,172.27.*,172.26.*,172.25.*,172.24.*,172.23.*,172.22.*,172.21.*,172.20.*,172.19.*,172.18.*,172.17.*,172.16.*,10.*,192.168.*,127.*,localhost,<local>', 'USER': 'liki777', 'VSCODE_NLS_CONFIG': '{"userLocale":"en","osLocale":"en","resolvedLanguage":"en","defaultMessagesFile":"/home/liki777/.cursor-server/bin/7b9c34466f5c119e93c3e654bb80fe9306b6cc70/out/nls.messages.json","locale":"en","availableLanguages":{}}', 'CCACHE_DIR': '/tmp/cursor-sandbox-cache/d003a770341bf67dc69f841df94b80bd/ccache', 'CI': '1', 'VSCODE_HANDLES_UNCAUGHT_ERRORS': 'true', 'PIP_CACHE_DIR': '/tmp/cursor-sandbox-cache/d003a770341bf67dc69f841df94b80bd/pip', 'PIPX_HOME': '/tmp/cursor-sandbox-cache/d003a770341bf67dc69f841df94b80bd/pipx', 'NUGET_PACKAGES': '/tmp/cursor-sandbox-cache/d003a770341bf67dc69f841df94b80bd/nuget', 'HOMEBREW_CACHE': '/tmp/cursor-sandbox-cache/d003a770341bf67dc69f841df94b80bd/homebrew', 'SHLVL': '1', 'LD_LIBRARY_PATH': '/usr/lib/x86_64-linux-gnu/gazebo-11/plugins:/opt/ros/humble/opt/rviz_ogre_vendor/lib:/opt/ros/humble/lib/x86_64-linux-gnu:/opt/ros/humble/lib', 'HOME': '/home/liki777', 'OLDPWD': '/home/liki777/.cursor/projects/home-liki777-graduation-project/terminals', 'NO_PROXY': '172.31.*,172.30.*,172.29.*,172.28.*,172.27.*,172.26.*,172.25.*,172.24.*,172.23.*,172.22.*,172.21.*,172.20.*,172.19.*,172.18.*,172.17.*,172.16.*,10.*,192.168.*,127.*,localhost,<local>', 'VSCODE_IPC_HOOK_CLI': '/run/user/1000/vscode-ipc-79a8d4b5-fdbd-4492-bdea-e19ed203b4d3.sock', 'ROS_PYTHON_VERSION': '3', 'NO_COLOR': '1', 'CONDA_PKGS_DIRS': '/tmp/cursor-sandbox-cache/d003a770341bf67dc69f841df94b80bd/conda', 'DBUS_SESSION_BUS_ADDRESS': 'unix:path=/run/user/1000/bus', 'WSL_DISTRO_NAME': 'Ubuntu', 'VOLTA_HOME': '/tmp/cursor-sandbox-cache/d003a770341bf67dc69f841df94b80bd/volta', 'COMPOSER_HOME': '/tmp/cursor-sandbox-cache/d003a770341bf67dc69f841df94b80bd/composer', 'WAYLAND_DISPLAY': 'wayland-0', 'https_proxy': 'http://127.0.0.1:7890', 'VSCODE_L10N_BUNDLE_LOCATION': '', 'ROS_DISTRO': 'humble', 'LOGNAME': 'liki777', 'FORCE_COLOR': '0', 'NAME': 'LAPTOP-UI1FG0H1', 'WSL_INTEROP': '/run/WSL/424_interop', 'VSCODE_HANDLES_SIGPIPE': 'true', 'http_proxy': 'http://127.0.0.1:7890', 'PULSE_SERVER': 'unix:/mnt/wslg/PulseServer', 'BUN_INSTALL_CACHE_DIR': '/tmp/cursor-sandbox-cache/d003a770341bf67dc69f841df94b80bd/bun', '_': '/usr/bin/colcon', 'ROS_VERSION': '2', 'GOMODCACHE': '/tmp/cursor-sandbox-cache/d003a770341bf67dc69f841df94b80bd/go-mod', 'CP_HOME_DIR': '/tmp/cursor-sandbox-cache/d003a770341bf67dc69f841df94b80bd/cocoapods', 'TERM': 'dumb', 'EVERYSPHERE_RIPGREP_PATH': '/home/liki777/.cursor-server/bin/7b9c34466f5c119e93c3e654bb80fe9306b6cc70/resources/helpers/rg', 'RUSTUP_HOME': '/tmp/cursor-sandbox-cache/d003a770341bf67dc69f841df94b80bd/rustup', 'ROS_LOCALHOST_ONLY': '0', 'POETRY_CACHE_DIR': '/tmp/cursor-sandbox-cache/d003a770341bf67dc69f841df94b80bd/poetry', 'PATH': '/home/liki777/.local/bin:/home/liki777/.local/bin:/home/liki777/.cursor-server/bin/7b9c34466f5c119e93c3e654bb80fe9306b6cc70/bin/remote-cli:/home/liki777/.local/bin:/opt/ros/humble/bin:/home/liki777/.local/bin:/home/liki777/.cargo/bin:/home/liki777/.cursor-server/bin/7b9c34466f5c119e93c3e654bb80fe9306b6cc70/bin/remote-cli:/usr/local/sbin:/usr/local/bin:/usr/sbin:/usr/bin:/sbin:/bin:/usr/games:/usr/local/games:/usr/lib/wsl/lib:/mnt/c/Windows/system32:/mnt/c/Windows:/mnt/c/Windows/System32/Wbem:/mnt/c/Windows/System32/WindowsPowerShell/v1.0/:/mnt/c/Windows/System32/OpenSSH/:/mnt/d/Microsoft VS Code/bin:/mnt/c/Go/bin:/mnt/c/mingw64/bin:/mnt/g/Bandizip/:/mnt/d/Git/cmd:/mnt/c/Program Files/dotnet/:/mnt/c/Program Files (x86)/STMicroelectronics/STM32 ST-LINK Utility/ST-LINK Utility:/mnt/c/Program Files/NVIDIA Corporation/NVIDIA App/NvDLISR:/mnt/c/Program Files (x86)/NVIDIA Corporation/PhysX/Common:/mnt/c/Program Files (x86)/Lua/5.1:/mnt/c/Program Files (x86)/Lua/5.1/clibs:/mnt/g/cursor/resources/app/bin:/mnt/c/Users/Lenovo/AppData/Local/Programs/Python/Python310/Scripts/:/mnt/c/Users/Lenovo/AppData/Local/Programs/Python/Python310/:/mnt/c/Users/Lenovo/AppData/Local/Programs/Python/Python314/Scripts/:/mnt/c/Users/Lenovo/AppData/Local/Programs/Python/Python314/:/mnt/c/Users/Lenovo/AppData/Local/Programs/Python/Launcher/:/mnt/c/Users/Lenovo/AppData/Local/Microsoft/WindowsApps:/mnt/c/Users/Lenovo/go/bin:/mnt/d/Anaconda3:/mnt/g/PyCharm 2024.3.4/bin:/mnt/c/Program Files (x86)/Lua/5.1:/mnt/c/Program Files (x86)/Lua/5.1:/snap/bin', 'YARN_CACHE_FOLDER': '/tmp/cursor-sandbox-cache/d003a770341bf67dc69f841df94b80bd/yarn', 'UV_CACHE_DIR': '/tmp/cursor-sandbox-cache/d003a770341bf67dc69f841df94b80bd/uv', 'PLAYWRIGHT_BROWSERS_PATH': '/tmp/cursor-sandbox-cache/d003a770341bf67dc69f841df94b80bd/playwright', 'XDG_RUNTIME_DIR': '/run/user/1000/', 'BUNDLE_PATH': '/tmp/cursor-sandbox-cache/d003a770341bf67dc69f841df94b80bd/bundle', 'DENO_DIR': '/tmp/cursor-sandbox-cache/d003a770341bf67dc69f841df94b80bd/deno', 'CURSOR_AGENT': '1', 'DISPLAY': ':0', 'LANG': 'C.UTF-8', 'NX_CACHE_DIRECTORY': '/tmp/cursor-sandbox-cache/d003a770341bf67dc69f841df94b80bd/nx', 'LS_COLORS': '', 'CYPRESS_CACHE_FOLDER': '/tmp/cursor-sandbox-cache/d003a770341bf67dc69f841df94b80bd/cypress', 'PNPM_STORE_PATH': '/tmp/cursor-sandbox-cache/d003a770341bf67dc69f841df94b80bd/pnpm-store', 'AMENT_PREFIX_PATH': '/opt/ros/humble', 'SHELL': '/usr/bin/bash', 'GOCACHE': '/tmp/cursor-sandbox-cache/d003a770341bf67dc69f841df94b80bd/go-build', 'GEM_HOME': '/tmp/cursor-sandbox-cache/d003a770341bf67dc69f841df94b80bd/gem', 'LESSCLOSE': '/usr/bin/lesspipe %s %s', 'NPM_CONFIG_CACHE': '/tmp/cursor-sandbox-cache/d003a770341bf67dc69f841df94b80bd/npm', 'PWD': '/home/liki777/graduation_project/ros2_ws/build/rl_car_description', 'GRADLE_USER_HOME': '/tmp/cursor-sandbox-cache/d003a770341bf67dc69f841df94b80bd/gradle', 'CARGO_HOME': '/tmp/cursor-sandbox-cache/d003a770341bf67dc69f841df94b80bd/cargo', 'XDG_DATA_DIRS': '/usr/local/share:/usr/share:/var/lib/snapd/desktop', 'PYTHONPATH': '/home/liki777/graduation_project/ros2_ws/build/rl_car_description/prefix_override:/usr/lib/python3/dist-packages/colcon_core/task/python/colcon_distutils_commands:/home/liki777/graduation_project/ros2_ws/install/rl_car_description/lib/python3.10/site-packages:/opt/ros/humble/lib/python3.10/site-packages:/opt/ros/humble/local/lib/python3.10/dist-packages', 'HTTP_PROXY': 'http://127.0.0.1:7890', 'TURBO_CACHE_DIR': '/tmp/cursor-sandbox-cache/d003a770341bf67dc69f841df94b80bd/turbo', 'COLCON': '1', '_ZO_DOCTOR': '0', 'WSL2_GUI_APPS_ENABLED': '1', 'HOSTTYPE': 'x86_64', 'WSLENV': ''}, 'shell': False}
[1.000963] (-) TimerEvent: {}
[1.096639] (rl_car_description) StdoutLine: {'line': b'running develop\n'}
[1.101141] (-) TimerEvent: {}
[1.183901] (rl_car_description) StdoutLine: {'line': b'running egg_info\n'}
[1.184053] (rl_car_description) StdoutLine: {'line': b'creating rl_car_description.egg-info\n'}
[1.184280] (rl_car_description) StdoutLine: {'line': b'writing rl_car_description.egg-info/PKG-INFO\n'}
[1.184346] (rl_car_description) StdoutLine: {'line': b'writing dependency_links to rl_car_description.egg-info/dependency_links.txt\n'}
[1.184376] (rl_car_description) StdoutLine: {'line': b'writing requirements to rl_car_description.egg-info/requires.txt\n'}
[1.184614] (rl_car_description) StdoutLine: {'line': b'writing top-level names to rl_car_description.egg-info/top_level.txt\n'}
[1.184658] (rl_car_description) StdoutLine: {'line': b"writing manifest file 'rl_car_description.egg-info/SOURCES.txt'\n"}
[1.185024] (rl_car_description) StdoutLine: {'line': b"reading manifest file 'rl_car_description.egg-info/SOURCES.txt'\n"}
[1.185338] (rl_car_description) StdoutLine: {'line': b"writing manifest file 'rl_car_description.egg-info/SOURCES.txt'\n"}
[1.186365] (rl_car_description) StdoutLine: {'line': b'running build_ext\n'}
[1.186783] (rl_car_description) StdoutLine: {'line': b'Creating /home/liki777/graduation_project/ros2_ws/install/rl_car_description/lib/python3.10/site-packages/rl-car-description.egg-link (link to .)\n'}
[1.187170] (rl_car_description) StdoutLine: {'line': b'\n'}
[1.187252] (rl_car_description) StdoutLine: {'line': b'Installed /home/liki777/graduation_project/ros2_ws/build/rl_car_description\n'}
[1.187281] (rl_car_description) StdoutLine: {'line': b'running symlink_data\n'}
[1.187307] (rl_car_description) StdoutLine: {'line': b'creating /home/liki777/graduation_project/ros2_ws/install/rl_car_description/share/ament_index\n'}
[1.187538] (rl_car_description) StdoutLine: {'line': b'creating /home/liki777/graduation_project/ros2_ws/install/rl_car_description/share/ament_index/resource_index\n'}
[1.187603] (rl_car_description) StdoutLine: {'line': b'creating /home/liki777/graduation_project/ros2_ws/install/rl_car_description/share/ament_index/resource_index/packages\n'}
[1.187630] (rl_car_description) StdoutLine: {'line': b'symbolically linking /home/liki777/graduation_project/ros2_ws/build/rl_car_description/resource/rl_car_description -> /home/liki777/graduation_project/ros2_ws/install/rl_car_description/share/ament_index/resource_index/packages\n'}
[1.187773] (rl_car_description) StdoutLine: {'line': b'symbolically linking /home/liki777/graduation_project/ros2_ws/build/rl_car_description/package.xml -> /home/liki777/graduation_project/ros2_ws/install/rl_car_description/share/rl_car_description\n'}
[1.188002] (rl_car_description) StdoutLine: {'line': b'symbolically linking /home/liki777/graduation_project/ros2_ws/build/rl_car_description/robot.urdf -> /home/liki777/graduation_project/ros2_ws/install/rl_car_description/share/rl_car_description\n'}
[1.188087] (rl_car_description) StdoutLine: {'line': b'symbolically linking /home/liki777/graduation_project/ros2_ws/build/rl_car_description/robot.urdf.xacro -> /home/liki777/graduation_project/ros2_ws/install/rl_car_description/share/rl_car_description\n'}
[1.188294] (rl_car_description) StdoutLine: {'line': b'symbolically linking /home/liki777/graduation_project/ros2_ws/build/rl_car_description/robot_core.xacro -> /home/liki777/graduation_project/ros2_ws/install/rl_car_description/share/rl_car_description\n'}
[1.188552] (rl_car_description) StdoutLine: {'line': b'symbolically linking /home/liki777/graduation_project/ros2_ws/build/rl_car_description/gazebo_control.xacro -> /home/liki777/graduation_project/ros2_ws/install/rl_car_description/share/rl_car_description\n'}
[1.188786] (rl_car_description) StdoutLine: {'line': b'symbolically linking /home/liki777/graduation_project/ros2_ws/build/rl_car_description/lidar.xacro -> /home/liki777/graduation_project/ros2_ws/install/rl_car_description/share/rl_car_description\n'}
[1.188870] (rl_car_description) StdoutLine: {'line': b'symbolically linking /home/liki777/graduation_project/ros2_ws/build/rl_car_description/depth_camera.xacro -> /home/liki777/graduation_project/ros2_ws/install/rl_car_description/share/rl_car_description\n'}
[1.189020] (rl_car_description) StdoutLine: {'line': b'symbolically linking /home/liki777/graduation_project/ros2_ws/build/rl_car_description/inertial_macros.xacro -> /home/liki777/graduation_project/ros2_ws/install/rl_car_description/share/rl_car_description\n'}
[1.201256] (-) TimerEvent: {}
[1.206494] (rl_car_description) CommandEnded: {'returncode': 0}
[1.222950] (rl_car_description) JobEnded: {'identifier': 'rl_car_description', 'rc': 0}
[1.223766] (rl_car_gazebo) JobStarted: {'identifier': 'rl_car_gazebo'}
[1.301354] (-) TimerEvent: {}
[1.401587] (-) TimerEvent: {}
[1.501786] (-) TimerEvent: {}
[1.601980] (-) TimerEvent: {}
[1.702180] (-) TimerEvent: {}
[1.802457] (-) TimerEvent: {}
[1.902691] (-) TimerEvent: {}
[2.002899] (-) TimerEvent: {}
[2.103075] (-) TimerEvent: {}
[2.203421] (-) TimerEvent: {}
[2.252111] (rl_car_gazebo) Command: {'cmd': ['/usr/bin/python3', '-W', 'ignore:setup.py install is deprecated', '-W', 'ignore:easy_install command is deprecated', 'setup.py', 'develop', '--editable', '--build-directory', '/home/liki777/graduation_project/ros2_ws/build/rl_car_gazebo/build', '--no-deps', 'symlink_data'], 'cwd': '/home/liki777/graduation_project/ros2_ws/build/rl_car_gazebo', 'env': {'npm_config_devdir': '/tmp/cursor-sandbox-cache/d003a770341bf67dc69f841df94b80bd/node-gyp', 'LESSOPEN': '| /usr/bin/lesspipe %s', 'VSCODE_CWD': '/mnt/g/cursor', 'VSCODE_ESM_ENTRYPOINT': 'vs/workbench/api/node/extensionHostProcess', 'PUPPETEER_CACHE_DIR': '/tmp/cursor-sandbox-cache/d003a770341bf67dc69f841df94b80bd/puppeteer', 'HTTPS_PROXY': 'http://127.0.0.1:7890', 'no_proxy': '172.31.*,172.30.*,172.29.*,172.28.*,172.27.*,172.26.*,172.25.*,172.24.*,172.23.*,172.22.*,172.21.*,172.20.*,172.19.*,172.18.*,172.17.*,172.16.*,10.*,192.168.*,127.*,localhost,<local>', 'USER': 'liki777', 'VSCODE_NLS_CONFIG': '{"userLocale":"en","osLocale":"en","resolvedLanguage":"en","defaultMessagesFile":"/home/liki777/.cursor-server/bin/7b9c34466f5c119e93c3e654bb80fe9306b6cc70/out/nls.messages.json","locale":"en","availableLanguages":{}}', 'CCACHE_DIR': '/tmp/cursor-sandbox-cache/d003a770341bf67dc69f841df94b80bd/ccache', 'CI': '1', 'VSCODE_HANDLES_UNCAUGHT_ERRORS': 'true', 'PIP_CACHE_DIR': '/tmp/cursor-sandbox-cache/d003a770341bf67dc69f841df94b80bd/pip', 'PIPX_HOME': '/tmp/cursor-sandbox-cache/d003a770341bf67dc69f841df94b80bd/pipx', 'NUGET_PACKAGES': '/tmp/cursor-sandbox-cache/d003a770341bf67dc69f841df94b80bd/nuget', 'HOMEBREW_CACHE': '/tmp/cursor-sandbox-cache/d003a770341bf67dc69f841df94b80bd/homebrew', 'SHLVL': '1', 'LD_LIBRARY_PATH': '/usr/lib/x86_64-linux-gnu/gazebo-11/plugins:/opt/ros/humble/opt/rviz_ogre_vendor/lib:/opt/ros/humble/lib/x86_64-linux-gnu:/opt/ros/humble/lib', 'HOME': '/home/liki777', 'OLDPWD': '/home/liki777/.cursor/projects/home-liki777-graduation-project/terminals', 'NO_PROXY': '172.31.*,172.30.*,172.29.*,172.28.*,172.27.*,172.26.*,172.25.*,172.24.*,172.23.*,172.22.*,172.21.*,172.20.*,172.19.*,172.18.*,172.17.*,172.16.*,10.*,192.168.*,127.*,localhost,<local>', 'VSCODE_IPC_HOOK_CLI': '/run/user/1000/vscode-ipc-79a8d4b5-fdbd-4492-bdea-e19ed203b4d3.sock', 'ROS_PYTHON_VERSION': '3', 'NO_COLOR': '1', 'CONDA_PKGS_DIRS': '/tmp/cursor-sandbox-cache/d003a770341bf67dc69f841df94b80bd/conda', 'DBUS_SESSION_BUS_ADDRESS': 'unix:path=/run/user/1000/bus', 'WSL_DISTRO_NAME': 'Ubuntu', 'VOLTA_HOME': '/tmp/cursor-sandbox-cache/d003a770341bf67dc69f841df94b80bd/volta', 'COMPOSER_HOME': '/tmp/cursor-sandbox-cache/d003a770341bf67dc69f841df94b80bd/composer', 'WAYLAND_DISPLAY': 'wayland-0', 'https_proxy': 'http://127.0.0.1:7890', 'VSCODE_L10N_BUNDLE_LOCATION': '', 'ROS_DISTRO': 'humble', 'LOGNAME': 'liki777', 'FORCE_COLOR': '0', 'NAME': 'LAPTOP-UI1FG0H1', 'WSL_INTEROP': '/run/WSL/424_interop', 'VSCODE_HANDLES_SIGPIPE': 'true', 'http_proxy': 'http://127.0.0.1:7890', 'PULSE_SERVER': 'unix:/mnt/wslg/PulseServer', 'BUN_INSTALL_CACHE_DIR': '/tmp/cursor-sandbox-cache/d003a770341bf67dc69f841df94b80bd/bun', '_': '/usr/bin/colcon', 'ROS_VERSION': '2', 'GOMODCACHE': '/tmp/cursor-sandbox-cache/d003a770341bf67dc69f841df94b80bd/go-mod', 'CP_HOME_DIR': '/tmp/cursor-sandbox-cache/d003a770341bf67dc69f841df94b80bd/cocoapods', 'TERM': 'dumb', 'EVERYSPHERE_RIPGREP_PATH': '/home/liki777/.cursor-server/bin/7b9c34466f5c119e93c3e654bb80fe9306b6cc70/resources/helpers/rg', 'RUSTUP_HOME': '/tmp/cursor-sandbox-cache/d003a770341bf67dc69f841df94b80bd/rustup', 'ROS_LOCALHOST_ONLY': '0', 'POETRY_CACHE_DIR': '/tmp/cursor-sandbox-cache/d003a770341bf67dc69f841df94b80bd/poetry', 'PATH': '/home/liki777/.local/bin:/home/liki777/.local/bin:/home/liki777/.cursor-server/bin/7b9c34466f5c119e93c3e654bb80fe9306b6cc70/bin/remote-cli:/home/liki777/.local/bin:/opt/ros/humble/bin:/home/liki777/.local/bin:/home/liki777/.cargo/bin:/home/liki777/.cursor-server/bin/7b9c34466f5c119e93c3e654bb80fe9306b6cc70/bin/remote-cli:/usr/local/sbin:/usr/local/bin:/usr/sbin:/usr/bin:/sbin:/bin:/usr/games:/usr/local/games:/usr/lib/wsl/lib:/mnt/c/Windows/system32:/mnt/c/Windows:/mnt/c/Windows/System32/Wbem:/mnt/c/Windows/System32/WindowsPowerShell/v1.0/:/mnt/c/Windows/System32/OpenSSH/:/mnt/d/Microsoft VS Code/bin:/mnt/c/Go/bin:/mnt/c/mingw64/bin:/mnt/g/Bandizip/:/mnt/d/Git/cmd:/mnt/c/Program Files/dotnet/:/mnt/c/Program Files (x86)/STMicroelectronics/STM32 ST-LINK Utility/ST-LINK Utility:/mnt/c/Program Files/NVIDIA Corporation/NVIDIA App/NvDLISR:/mnt/c/Program Files (x86)/NVIDIA Corporation/PhysX/Common:/mnt/c/Program Files (x86)/Lua/5.1:/mnt/c/Program Files (x86)/Lua/5.1/clibs:/mnt/g/cursor/resources/app/bin:/mnt/c/Users/Lenovo/AppData/Local/Programs/Python/Python310/Scripts/:/mnt/c/Users/Lenovo/AppData/Local/Programs/Python/Python310/:/mnt/c/Users/Lenovo/AppData/Local/Programs/Python/Python314/Scripts/:/mnt/c/Users/Lenovo/AppData/Local/Programs/Python/Python314/:/mnt/c/Users/Lenovo/AppData/Local/Programs/Python/Launcher/:/mnt/c/Users/Lenovo/AppData/Local/Microsoft/WindowsApps:/mnt/c/Users/Lenovo/go/bin:/mnt/d/Anaconda3:/mnt/g/PyCharm 2024.3.4/bin:/mnt/c/Program Files (x86)/Lua/5.1:/mnt/c/Program Files (x86)/Lua/5.1:/snap/bin', 'YARN_CACHE_FOLDER': '/tmp/cursor-sandbox-cache/d003a770341bf67dc69f841df94b80bd/yarn', 'UV_CACHE_DIR': '/tmp/cursor-sandbox-cache/d003a770341bf67dc69f841df94b80bd/uv', 'PLAYWRIGHT_BROWSERS_PATH': '/tmp/cursor-sandbox-cache/d003a770341bf67dc69f841df94b80bd/playwright', 'XDG_RUNTIME_DIR': '/run/user/1000/', 'BUNDLE_PATH': '/tmp/cursor-sandbox-cache/d003a770341bf67dc69f841df94b80bd/bundle', 'DENO_DIR': '/tmp/cursor-sandbox-cache/d003a770341bf67dc69f841df94b80bd/deno', 'CURSOR_AGENT': '1', 'DISPLAY': ':0', 'LANG': 'C.UTF-8', 'NX_CACHE_DIRECTORY': '/tmp/cursor-sandbox-cache/d003a770341bf67dc69f841df94b80bd/nx', 'LS_COLORS': '', 'CYPRESS_CACHE_FOLDER': '/tmp/cursor-sandbox-cache/d003a770341bf67dc69f841df94b80bd/cypress', 'PNPM_STORE_PATH': '/tmp/cursor-sandbox-cache/d003a770341bf67dc69f841df94b80bd/pnpm-store', 'AMENT_PREFIX_PATH': '/home/liki777/graduation_project/ros2_ws/install/rl_car_description:/opt/ros/humble', 'SHELL': '/usr/bin/bash', 'GOCACHE': '/tmp/cursor-sandbox-cache/d003a770341bf67dc69f841df94b80bd/go-build', 'GEM_HOME': '/tmp/cursor-sandbox-cache/d003a770341bf67dc69f841df94b80bd/gem', 'LESSCLOSE': '/usr/bin/lesspipe %s %s', 'NPM_CONFIG_CACHE': '/tmp/cursor-sandbox-cache/d003a770341bf67dc69f841df94b80bd/npm', 'PWD': '/home/liki777/graduation_project/ros2_ws/build/rl_car_gazebo', 'GRADLE_USER_HOME': '/tmp/cursor-sandbox-cache/d003a770341bf67dc69f841df94b80bd/gradle', 'CARGO_HOME': '/tmp/cursor-sandbox-cache/d003a770341bf67dc69f841df94b80bd/cargo', 'XDG_DATA_DIRS': '/usr/local/share:/usr/share:/var/lib/snapd/desktop', 'PYTHONPATH': '/home/liki777/graduation_project/ros2_ws/build/rl_car_gazebo/prefix_override:/usr/lib/python3/dist-packages/colcon_core/task/python/colcon_distutils_commands:/home/liki777/graduation_project/ros2_ws/install/rl_car_gazebo/lib/python3.10/site-packages:/home/liki777/graduation_project/ros2_ws/build/rl_car_description:/home/liki777/graduation_project/ros2_ws/install/rl_car_description/lib/python3.10/site-packages:/opt/ros/humble/lib/python3.10/site-packages:/opt/ros/humble/local/lib/python3.10/dist-packages', 'HTTP_PROXY': 'http://127.0.0.1:7890', 'TURBO_CACHE_DIR': '/tmp/cursor-sandbox-cache/d003a770341bf67dc69f841df94b80bd/turbo', 'COLCON': '1', '_ZO_DOCTOR': '0', 'WSL2_GUI_APPS_ENABLED': '1', 'HOSTTYPE': 'x86_64', 'WSLENV': ''}, 'shell': False}
[2.303517] (-) TimerEvent: {}
[2.402321] (rl_car_gazebo) StdoutLine: {'line': b'running develop\n'}
[2.403662] (-) TimerEvent: {}
[2.491107] (rl_car_gazebo) StdoutLine: {'line': b'running egg_info\n'}
[2.491265] (rl_car_gazebo) StdoutLine: {'line': b'creating rl_car_gazebo.egg-info\n'}
[2.491641] (rl_car_gazebo) StdoutLine: {'line': b'writing rl_car_gazebo.egg-info/PKG-INFO\n'}
[2.491977] (rl_car_gazebo) StdoutLine: {'line': b'writing dependency_links to rl_car_gazebo.egg-info/dependency_links.txt\n'}
[2.492221] (rl_car_gazebo) StdoutLine: {'line': b'writing requirements to rl_car_gazebo.egg-info/requires.txt\n'}
[2.492263] (rl_car_gazebo) StdoutLine: {'line': b'writing top-level names to rl_car_gazebo.egg-info/top_level.txt\n'}
[2.492289] (rl_car_gazebo) StdoutLine: {'line': b"writing manifest file 'rl_car_gazebo.egg-info/SOURCES.txt'\n"}
[2.493289] (rl_car_gazebo) StdoutLine: {'line': b"reading manifest file 'rl_car_gazebo.egg-info/SOURCES.txt'\n"}
[2.493611] (rl_car_gazebo) StdoutLine: {'line': b"writing manifest file 'rl_car_gazebo.egg-info/SOURCES.txt'\n"}
[2.494568] (rl_car_gazebo) StdoutLine: {'line': b'running build_ext\n'}
[2.494681] (rl_car_gazebo) StdoutLine: {'line': b'Creating /home/liki777/graduation_project/ros2_ws/install/rl_car_gazebo/lib/python3.10/site-packages/rl-car-gazebo.egg-link (link to .)\n'}
[2.495139] (rl_car_gazebo) StdoutLine: {'line': b'\n'}
[2.495222] (rl_car_gazebo) StdoutLine: {'line': b'Installed /home/liki777/graduation_project/ros2_ws/build/rl_car_gazebo\n'}
[2.495253] (rl_car_gazebo) StdoutLine: {'line': b'running symlink_data\n'}
[2.495279] (rl_car_gazebo) StdoutLine: {'line': b'creating /home/liki777/graduation_project/ros2_ws/install/rl_car_gazebo/share/ament_index\n'}
[2.495494] (rl_car_gazebo) StdoutLine: {'line': b'creating /home/liki777/graduation_project/ros2_ws/install/rl_car_gazebo/share/ament_index/resource_index\n'}
[2.495655] (rl_car_gazebo) StdoutLine: {'line': b'creating /home/liki777/graduation_project/ros2_ws/install/rl_car_gazebo/share/ament_index/resource_index/packages\n'}
[2.495698] (rl_car_gazebo) StdoutLine: {'line': b'symbolically linking /home/liki777/graduation_project/ros2_ws/build/rl_car_gazebo/resource/rl_car_gazebo -> /home/liki777/graduation_project/ros2_ws/install/rl_car_gazebo/share/ament_index/resource_index/packages\n'}
[2.495960] (rl_car_gazebo) StdoutLine: {'line': b'symbolically linking /home/liki777/graduation_project/ros2_ws/build/rl_car_gazebo/package.xml -> /home/liki777/graduation_project/ros2_ws/install/rl_car_gazebo/share/rl_car_gazebo\n'}
[2.496028] (rl_car_gazebo) StdoutLine: {'line': b'creating /home/liki777/graduation_project/ros2_ws/install/rl_car_gazebo/share/rl_car_gazebo/launch\n'}
[2.496058] (rl_car_gazebo) StdoutLine: {'line': b'symbolically linking /home/liki777/graduation_project/ros2_ws/build/rl_car_gazebo/launch/sim.launch.py -> /home/liki777/graduation_project/ros2_ws/install/rl_car_gazebo/share/rl_car_gazebo/launch\n'}
[2.496369] (rl_car_gazebo) StdoutLine: {'line': b'creating /home/liki777/graduation_project/ros2_ws/install/rl_car_gazebo/share/rl_car_gazebo/worlds\n'}
[2.496599] (rl_car_gazebo) StdoutLine: {'line': b'symbolically linking /home/liki777/graduation_project/ros2_ws/build/rl_car_gazebo/empty.world -> /home/liki777/graduation_project/ros2_ws/install/rl_car_gazebo/share/rl_car_gazebo/worlds\n'}
[2.496636] (rl_car_gazebo) StdoutLine: {'line': b'symbolically linking /home/liki777/graduation_project/ros2_ws/build/rl_car_gazebo/maze.world -> /home/liki777/graduation_project/ros2_ws/install/rl_car_gazebo/share/rl_car_gazebo/worlds\n'}
[2.503809] (-) TimerEvent: {}
[2.514086] (rl_car_gazebo) CommandEnded: {'returncode': 0}
[2.519563] (rl_car_gazebo) JobEnded: {'identifier': 'rl_car_gazebo', 'rc': 0}
[2.520003] (-) EventReactorShutdown: {}
