[0.393s] DEBUG:colcon:Command line arguments: ['/usr/bin/colcon', 'build', '--symlink-install']
[0.393s] DEBUG:colcon:Parsed command line arguments: Namespace(log_base=None, log_level=None, verb_name='build', build_base='build', install_base='install', merge_install=False, symlink_install=True, test_result_base=None, continue_on_error=False, executor='parallel', parallel_workers=20, event_handlers=None, ignore_user_meta=False, metas=['./colcon.meta'], base_paths=['.'], packages_ignore=None, packages_ignore_regex=None, paths=None, packages_up_to=None, packages_up_to_regex=None, packages_above=None, packages_above_and_dependencies=None, packages_above_depth=None, packages_select_by_dep=None, packages_skip_by_dep=None, packages_skip_up_to=None, packages_select_build_failed=False, packages_skip_build_finished=False, packages_select_test_failures=False, packages_skip_test_passed=False, packages_select=None, packages_skip=None, packages_select_regex=None, packages_skip_regex=None, packages_start=None, packages_end=None, allow_overriding=[], cmake_args=None, cmake_target=None, cmake_target_skip_unavailable=False, cmake_clean_cache=False, cmake_clean_first=False, cmake_force_configure=False, ament_cmake_args=None, catkin_cmake_args=None, catkin_skip_building_tests=False, verb_parser=<colcon_defaults.argument_parser.defaults.DefaultArgumentsDecorator object at 0x73aa2726d300>, verb_extension=<colcon_core.verb.build.BuildVerb object at 0x73aa2726cdf0>, main=<bound method BuildVerb.main of <colcon_core.verb.build.BuildVerb object at 0x73aa2726cdf0>>)
[0.568s] Level 1:colcon.colcon_core.package_discovery:discover_packages(colcon_meta) check parameters
[0.568s] Level 1:colcon.colcon_core.package_discovery:discover_packages(recursive) check parameters
[0.568s] Level 1:colcon.colcon_core.package_discovery:discover_packages(ignore) check parameters
[0.568s] Level 1:colcon.colcon_core.package_discovery:discover_packages(path) check parameters
[0.568s] Level 1:colcon.colcon_core.package_discovery:discover_packages(colcon_meta) discover
[0.568s] Level 1:colcon.colcon_core.package_discovery:discover_packages(recursive) discover
[0.568s] INFO:colcon.colcon_core.package_discovery:Crawling recursively for packages in '/home/liki777/graduation_project/ros2_ws'
[0.569s] Level 1:colcon.colcon_core.package_identification:_identify(.) by extensions ['ignore', 'ignore_ament_install']
[0.569s] Level 1:colcon.colcon_core.package_identification:_identify(.) by extension 'ignore'
[0.569s] Level 1:colcon.colcon_core.package_identification:_identify(.) by extension 'ignore_ament_install'
[0.569s] Level 1:colcon.colcon_core.package_identification:_identify(.) by extensions ['colcon_pkg']
[0.569s] Level 1:colcon.colcon_core.package_identification:_identify(.) by extension 'colcon_pkg'
[0.569s] Level 1:colcon.colcon_core.package_identification:_identify(.) by extensions ['colcon_meta']
[0.569s] Level 1:colcon.colcon_core.package_identification:_identify(.) by extension 'colcon_meta'
[0.569s] Level 1:colcon.colcon_core.package_identification:_identify(.) by extensions ['ros']
[0.569s] Level 1:colcon.colcon_core.package_identification:_identify(.) by extension 'ros'
[0.582s] Level 1:colcon.colcon_core.package_identification:_identify(.) by extensions ['cmake', 'python']
[0.582s] Level 1:colcon.colcon_core.package_identification:_identify(.) by extension 'cmake'
[0.583s] Level 1:colcon.colcon_core.package_identification:_identify(.) by extension 'python'
[0.583s] Level 1:colcon.colcon_core.package_identification:_identify(.) by extensions ['python_setup_py']
[0.583s] Level 1:colcon.colcon_core.package_identification:_identify(.) by extension 'python_setup_py'
[0.583s] Level 1:colcon.colcon_core.package_identification:_identify(build) by extensions ['ignore', 'ignore_ament_install']
[0.583s] Level 1:colcon.colcon_core.package_identification:_identify(build) by extension 'ignore'
[0.583s] Level 1:colcon.colcon_core.package_identification:_identify(build) ignored
[0.583s] Level 1:colcon.colcon_core.package_identification:_identify(install) by extensions ['ignore', 'ignore_ament_install']
[0.583s] Level 1:colcon.colcon_core.package_identification:_identify(install) by extension 'ignore'
[0.583s] Level 1:colcon.colcon_core.package_identification:_identify(install) ignored
[0.583s] Level 1:colcon.colcon_core.package_identification:_identify(log) by extensions ['ignore', 'ignore_ament_install']
[0.583s] Level 1:colcon.colcon_core.package_identification:_identify(log) by extension 'ignore'
[0.583s] Level 1:colcon.colcon_core.package_identification:_identify(log) ignored
[0.583s] Level 1:colcon.colcon_core.package_identification:_identify(src) by extensions ['ignore', 'ignore_ament_install']
[0.583s] Level 1:colcon.colcon_core.package_identification:_identify(src) by extension 'ignore'
[0.583s] Level 1:colcon.colcon_core.package_identification:_identify(src) by extension 'ignore_ament_install'
[0.583s] Level 1:colcon.colcon_core.package_identification:_identify(src) by extensions ['colcon_pkg']
[0.583s] Level 1:colcon.colcon_core.package_identification:_identify(src) by extension 'colcon_pkg'
[0.583s] Level 1:colcon.colcon_core.package_identification:_identify(src) by extensions ['colcon_meta']
[0.583s] Level 1:colcon.colcon_core.package_identification:_identify(src) by extension 'colcon_meta'
[0.583s] Level 1:colcon.colcon_core.package_identification:_identify(src) by extensions ['ros']
[0.583s] Level 1:colcon.colcon_core.package_identification:_identify(src) by extension 'ros'
[0.583s] Level 1:colcon.colcon_core.package_identification:_identify(src) by extensions ['cmake', 'python']
[0.583s] Level 1:colcon.colcon_core.package_identification:_identify(src) by extension 'cmake'
[0.583s] Level 1:colcon.colcon_core.package_identification:_identify(src) by extension 'python'
[0.583s] Level 1:colcon.colcon_core.package_identification:_identify(src) by extensions ['python_setup_py']
[0.583s] Level 1:colcon.colcon_core.package_identification:_identify(src) by extension 'python_setup_py'
[0.583s] Level 1:colcon.colcon_core.package_identification:_identify(src/rl_car_bridge) by extensions ['ignore', 'ignore_ament_install']
[0.584s] Level 1:colcon.colcon_core.package_identification:_identify(src/rl_car_bridge) by extension 'ignore'
[0.584s] Level 1:colcon.colcon_core.package_identification:_identify(src/rl_car_bridge) by extension 'ignore_ament_install'
[0.584s] Level 1:colcon.colcon_core.package_identification:_identify(src/rl_car_bridge) by extensions ['colcon_pkg']
[0.584s] Level 1:colcon.colcon_core.package_identification:_identify(src/rl_car_bridge) by extension 'colcon_pkg'
[0.584s] Level 1:colcon.colcon_core.package_identification:_identify(src/rl_car_bridge) by extensions ['colcon_meta']
[0.584s] Level 1:colcon.colcon_core.package_identification:_identify(src/rl_car_bridge) by extension 'colcon_meta'
[0.584s] Level 1:colcon.colcon_core.package_identification:_identify(src/rl_car_bridge) by extensions ['ros']
[0.584s] Level 1:colcon.colcon_core.package_identification:_identify(src/rl_car_bridge) by extension 'ros'
[0.584s] Level 1:colcon.colcon_core.package_identification:_identify(src/rl_car_bridge) by extensions ['cmake', 'python']
[0.584s] Level 1:colcon.colcon_core.package_identification:_identify(src/rl_car_bridge) by extension 'cmake'
[0.584s] Level 1:colcon.colcon_core.package_identification:_identify(src/rl_car_bridge) by extension 'python'
[0.584s] Level 1:colcon.colcon_core.package_identification:_identify(src/rl_car_bridge) by extensions ['python_setup_py']
[0.584s] Level 1:colcon.colcon_core.package_identification:_identify(src/rl_car_bridge) by extension 'python_setup_py'
[0.584s] Level 1:colcon.colcon_core.package_identification:_identify(src/rl_car_bridge/__pycache__) by extensions ['ignore', 'ignore_ament_install']
[0.584s] Level 1:colcon.colcon_core.package_identification:_identify(src/rl_car_bridge/__pycache__) by extension 'ignore'
[0.584s] Level 1:colcon.colcon_core.package_identification:_identify(src/rl_car_bridge/__pycache__) by extension 'ignore_ament_install'
[0.584s] Level 1:colcon.colcon_core.package_identification:_identify(src/rl_car_bridge/__pycache__) by extensions ['colcon_pkg']
[0.584s] Level 1:colcon.colcon_core.package_identification:_identify(src/rl_car_bridge/__pycache__) by extension 'colcon_pkg'
[0.584s] Level 1:colcon.colcon_core.package_identification:_identify(src/rl_car_bridge/__pycache__) by extensions ['colcon_meta']
[0.584s] Level 1:colcon.colcon_core.package_identification:_identify(src/rl_car_bridge/__pycache__) by extension 'colcon_meta'
[0.584s] Level 1:colcon.colcon_core.package_identification:_identify(src/rl_car_bridge/__pycache__) by extensions ['ros']
[0.584s] Level 1:colcon.colcon_core.package_identification:_identify(src/rl_car_bridge/__pycache__) by extension 'ros'
[0.584s] Level 1:colcon.colcon_core.package_identification:_identify(src/rl_car_bridge/__pycache__) by extensions ['cmake', 'python']
[0.584s] Level 1:colcon.colcon_core.package_identification:_identify(src/rl_car_bridge/__pycache__) by extension 'cmake'
[0.584s] Level 1:colcon.colcon_core.package_identification:_identify(src/rl_car_bridge/__pycache__) by extension 'python'
[0.584s] Level 1:colcon.colcon_core.package_identification:_identify(src/rl_car_bridge/__pycache__) by extensions ['python_setup_py']
[0.584s] Level 1:colcon.colcon_core.package_identification:_identify(src/rl_car_bridge/__pycache__) by extension 'python_setup_py'
[0.584s] Level 1:colcon.colcon_core.package_identification:_identify(src/rl_car_control) by extensions ['ignore', 'ignore_ament_install']
[0.584s] Level 1:colcon.colcon_core.package_identification:_identify(src/rl_car_control) by extension 'ignore'
[0.584s] Level 1:colcon.colcon_core.package_identification:_identify(src/rl_car_control) by extension 'ignore_ament_install'
[0.584s] Level 1:colcon.colcon_core.package_identification:_identify(src/rl_car_control) by extensions ['colcon_pkg']
[0.584s] Level 1:colcon.colcon_core.package_identification:_identify(src/rl_car_control) by extension 'colcon_pkg'
[0.584s] Level 1:colcon.colcon_core.package_identification:_identify(src/rl_car_control) by extensions ['colcon_meta']
[0.584s] Level 1:colcon.colcon_core.package_identification:_identify(src/rl_car_control) by extension 'colcon_meta'
[0.584s] Level 1:colcon.colcon_core.package_identification:_identify(src/rl_car_control) by extensions ['ros']
[0.584s] Level 1:colcon.colcon_core.package_identification:_identify(src/rl_car_control) by extension 'ros'
[0.584s] Level 1:colcon.colcon_core.package_identification:_identify(src/rl_car_control) by extensions ['cmake', 'python']
[0.584s] Level 1:colcon.colcon_core.package_identification:_identify(src/rl_car_control) by extension 'cmake'
[0.584s] Level 1:colcon.colcon_core.package_identification:_identify(src/rl_car_control) by extension 'python'
[0.584s] Level 1:colcon.colcon_core.package_identification:_identify(src/rl_car_control) by extensions ['python_setup_py']
[0.584s] Level 1:colcon.colcon_core.package_identification:_identify(src/rl_car_control) by extension 'python_setup_py'
[0.585s] Level 1:colcon.colcon_core.package_identification:_identify(src/rl_car_description) by extensions ['ignore', 'ignore_ament_install']
[0.585s] Level 1:colcon.colcon_core.package_identification:_identify(src/rl_car_description) by extension 'ignore'
[0.585s] Level 1:colcon.colcon_core.package_identification:_identify(src/rl_car_description) by extension 'ignore_ament_install'
[0.585s] Level 1:colcon.colcon_core.package_identification:_identify(src/rl_car_description) by extensions ['colcon_pkg']
[0.585s] Level 1:colcon.colcon_core.package_identification:_identify(src/rl_car_description) by extension 'colcon_pkg'
[0.585s] Level 1:colcon.colcon_core.package_identification:_identify(src/rl_car_description) by extensions ['colcon_meta']
[0.585s] Level 1:colcon.colcon_core.package_identification:_identify(src/rl_car_description) by extension 'colcon_meta'
[0.585s] Level 1:colcon.colcon_core.package_identification:_identify(src/rl_car_description) by extensions ['ros']
[0.585s] Level 1:colcon.colcon_core.package_identification:_identify(src/rl_car_description) by extension 'ros'
[0.588s] DEBUG:colcon.colcon_core.package_identification:Package 'src/rl_car_description' with type 'ros.ament_python' and name 'rl_car_description'
[0.588s] Level 1:colcon.colcon_core.package_identification:_identify(src/rl_car_gazebo) by extensions ['ignore', 'ignore_ament_install']
[0.588s] Level 1:colcon.colcon_core.package_identification:_identify(src/rl_car_gazebo) by extension 'ignore'
[0.588s] Level 1:colcon.colcon_core.package_identification:_identify(src/rl_car_gazebo) by extension 'ignore_ament_install'
[0.588s] Level 1:colcon.colcon_core.package_identification:_identify(src/rl_car_gazebo) by extensions ['colcon_pkg']
[0.588s] Level 1:colcon.colcon_core.package_identification:_identify(src/rl_car_gazebo) by extension 'colcon_pkg'
[0.588s] Level 1:colcon.colcon_core.package_identification:_identify(src/rl_car_gazebo) by extensions ['colcon_meta']
[0.588s] Level 1:colcon.colcon_core.package_identification:_identify(src/rl_car_gazebo) by extension 'colcon_meta'
[0.588s] Level 1:colcon.colcon_core.package_identification:_identify(src/rl_car_gazebo) by extensions ['ros']
[0.588s] Level 1:colcon.colcon_core.package_identification:_identify(src/rl_car_gazebo) by extension 'ros'
[0.589s] DEBUG:colcon.colcon_core.package_identification:Package 'src/rl_car_gazebo' with type 'ros.ament_python' and name 'rl_car_gazebo'
[0.589s] Level 1:colcon.colcon_core.package_identification:_identify(src/rl_car_sensors) by extensions ['ignore', 'ignore_ament_install']
[0.589s] Level 1:colcon.colcon_core.package_identification:_identify(src/rl_car_sensors) by extension 'ignore'
[0.589s] Level 1:colcon.colcon_core.package_identification:_identify(src/rl_car_sensors) by extension 'ignore_ament_install'
[0.589s] Level 1:colcon.colcon_core.package_identification:_identify(src/rl_car_sensors) by extensions ['colcon_pkg']
[0.589s] Level 1:colcon.colcon_core.package_identification:_identify(src/rl_car_sensors) by extension 'colcon_pkg'
[0.589s] Level 1:colcon.colcon_core.package_identification:_identify(src/rl_car_sensors) by extensions ['colcon_meta']
[0.589s] Level 1:colcon.colcon_core.package_identification:_identify(src/rl_car_sensors) by extension 'colcon_meta'
[0.589s] Level 1:colcon.colcon_core.package_identification:_identify(src/rl_car_sensors) by extensions ['ros']
[0.589s] Level 1:colcon.colcon_core.package_identification:_identify(src/rl_car_sensors) by extension 'ros'
[0.589s] Level 1:colcon.colcon_core.package_identification:_identify(src/rl_car_sensors) by extensions ['cmake', 'python']
[0.589s] Level 1:colcon.colcon_core.package_identification:_identify(src/rl_car_sensors) by extension 'cmake'
[0.589s] Level 1:colcon.colcon_core.package_identification:_identify(src/rl_car_sensors) by extension 'python'
[0.589s] Level 1:colcon.colcon_core.package_identification:_identify(src/rl_car_sensors) by extensions ['python_setup_py']
[0.589s] Level 1:colcon.colcon_core.package_identification:_identify(src/rl_car_sensors) by extension 'python_setup_py'
[0.589s] Level 1:colcon.colcon_core.package_identification:_identify(src/rl_car_sensors/__pycache__) by extensions ['ignore', 'ignore_ament_install']
[0.589s] Level 1:colcon.colcon_core.package_identification:_identify(src/rl_car_sensors/__pycache__) by extension 'ignore'
[0.589s] Level 1:colcon.colcon_core.package_identification:_identify(src/rl_car_sensors/__pycache__) by extension 'ignore_ament_install'
[0.589s] Level 1:colcon.colcon_core.package_identification:_identify(src/rl_car_sensors/__pycache__) by extensions ['colcon_pkg']
[0.589s] Level 1:colcon.colcon_core.package_identification:_identify(src/rl_car_sensors/__pycache__) by extension 'colcon_pkg'
[0.589s] Level 1:colcon.colcon_core.package_identification:_identify(src/rl_car_sensors/__pycache__) by extensions ['colcon_meta']
[0.589s] Level 1:colcon.colcon_core.package_identification:_identify(src/rl_car_sensors/__pycache__) by extension 'colcon_meta'
[0.589s] Level 1:colcon.colcon_core.package_identification:_identify(src/rl_car_sensors/__pycache__) by extensions ['ros']
[0.589s] Level 1:colcon.colcon_core.package_identification:_identify(src/rl_car_sensors/__pycache__) by extension 'ros'
[0.589s] Level 1:colcon.colcon_core.package_identification:_identify(src/rl_car_sensors/__pycache__) by extensions ['cmake', 'python']
[0.589s] Level 1:colcon.colcon_core.package_identification:_identify(src/rl_car_sensors/__pycache__) by extension 'cmake'
[0.589s] Level 1:colcon.colcon_core.package_identification:_identify(src/rl_car_sensors/__pycache__) by extension 'python'
[0.589s] Level 1:colcon.colcon_core.package_identification:_identify(src/rl_car_sensors/__pycache__) by extensions ['python_setup_py']
[0.589s] Level 1:colcon.colcon_core.package_identification:_identify(src/rl_car_sensors/__pycache__) by extension 'python_setup_py'
[0.589s] Level 1:colcon.colcon_core.package_discovery:discover_packages(recursive) using defaults
[0.589s] Level 1:colcon.colcon_core.package_discovery:discover_packages(ignore) discover
[0.589s] Level 1:colcon.colcon_core.package_discovery:discover_packages(ignore) using defaults
[0.589s] Level 1:colcon.colcon_core.package_discovery:discover_packages(path) discover
[0.589s] Level 1:colcon.colcon_core.package_discovery:discover_packages(path) using defaults
[0.623s] Level 1:colcon.colcon_core.package_discovery:discover_packages(prefix_path) check parameters
[0.623s] Level 1:colcon.colcon_core.package_discovery:discover_packages(prefix_path) discover
[0.627s] DEBUG:colcon.colcon_installed_package_information.package_discovery:Found 331 installed packages in /opt/ros/humble
[0.628s] Level 1:colcon.colcon_core.package_discovery:discover_packages(prefix_path) using defaults
[0.656s] Level 5:colcon.colcon_core.verb:set package 'rl_car_description' build argument 'cmake_args' from command line to 'None'
[0.656s] Level 5:colcon.colcon_core.verb:set package 'rl_car_description' build argument 'cmake_target' from command line to 'None'
[0.656s] Level 5:colcon.colcon_core.verb:set package 'rl_car_description' build argument 'cmake_target_skip_unavailable' from command line to 'False'
[0.656s] Level 5:colcon.colcon_core.verb:set package 'rl_car_description' build argument 'cmake_clean_cache' from command line to 'False'
[0.656s] Level 5:colcon.colcon_core.verb:set package 'rl_car_description' build argument 'cmake_clean_first' from command line to 'False'
[0.656s] Level 5:colcon.colcon_core.verb:set package 'rl_car_description' build argument 'cmake_force_configure' from command line to 'False'
[0.656s] Level 5:colcon.colcon_core.verb:set package 'rl_car_description' build argument 'ament_cmake_args' from command line to 'None'
[0.656s] Level 5:colcon.colcon_core.verb:set package 'rl_car_description' build argument 'catkin_cmake_args' from command line to 'None'
[0.656s] Level 5:colcon.colcon_core.verb:set package 'rl_car_description' build argument 'catkin_skip_building_tests' from command line to 'False'
[0.656s] DEBUG:colcon.colcon_core.verb:Building package 'rl_car_description' with the following arguments: {'ament_cmake_args': None, 'build_base': '/home/liki777/graduation_project/ros2_ws/build/rl_car_description', 'catkin_cmake_args': None, 'catkin_skip_building_tests': False, 'cmake_args': None, 'cmake_clean_cache': False, 'cmake_clean_first': False, 'cmake_force_configure': False, 'cmake_target': None, 'cmake_target_skip_unavailable': False, 'install_base': '/home/liki777/graduation_project/ros2_ws/install/rl_car_description', 'merge_install': False, 'path': '/home/liki777/graduation_project/ros2_ws/src/rl_car_description', 'symlink_install': True, 'test_result_base': None}
[0.657s] Level 5:colcon.colcon_core.verb:set package 'rl_car_gazebo' build argument 'cmake_args' from command line to 'None'
[0.657s] Level 5:colcon.colcon_core.verb:set package 'rl_car_gazebo' build argument 'cmake_target' from command line to 'None'
[0.657s] Level 5:colcon.colcon_core.verb:set package 'rl_car_gazebo' build argument 'cmake_target_skip_unavailable' from command line to 'False'
[0.657s] Level 5:colcon.colcon_core.verb:set package 'rl_car_gazebo' build argument 'cmake_clean_cache' from command line to 'False'
[0.657s] Level 5:colcon.colcon_core.verb:set package 'rl_car_gazebo' build argument 'cmake_clean_first' from command line to 'False'
[0.657s] Level 5:colcon.colcon_core.verb:set package 'rl_car_gazebo' build argument 'cmake_force_configure' from command line to 'False'
[0.657s] Level 5:colcon.colcon_core.verb:set package 'rl_car_gazebo' build argument 'ament_cmake_args' from command line to 'None'
[0.657s] Level 5:colcon.colcon_core.verb:set package 'rl_car_gazebo' build argument 'catkin_cmake_args' from command line to 'None'
[0.657s] Level 5:colcon.colcon_core.verb:set package 'rl_car_gazebo' build argument 'catkin_skip_building_tests' from command line to 'False'
[0.657s] DEBUG:colcon.colcon_core.verb:Building package 'rl_car_gazebo' with the following arguments: {'ament_cmake_args': None, 'build_base': '/home/liki777/graduation_project/ros2_ws/build/rl_car_gazebo', 'catkin_cmake_args': None, 'catkin_skip_building_tests': False, 'cmake_args': None, 'cmake_clean_cache': False, 'cmake_clean_first': False, 'cmake_force_configure': False, 'cmake_target': None, 'cmake_target_skip_unavailable': False, 'install_base': '/home/liki777/graduation_project/ros2_ws/install/rl_car_gazebo', 'merge_install': False, 'path': '/home/liki777/graduation_project/ros2_ws/src/rl_car_gazebo', 'symlink_install': True, 'test_result_base': None}
[0.657s] INFO:colcon.colcon_core.executor:Executing jobs using 'parallel' executor
[0.658s] DEBUG:colcon.colcon_parallel_executor.executor.parallel:run_until_complete
[0.658s] INFO:colcon.colcon_ros.task.ament_python.build:Building ROS package in '/home/liki777/graduation_project/ros2_ws/src/rl_car_description' with build type 'ament_python'
[0.658s] Level 1:colcon.colcon_core.shell:create_environment_hook('rl_car_description', 'ament_prefix_path')
[0.662s] INFO:colcon.colcon_core.plugin_system:Skipping extension 'colcon_core.shell.bat': Not used on non-Windows systems
[0.662s] INFO:colcon.colcon_core.shell:Creating environment hook '/home/liki777/graduation_project/ros2_ws/install/rl_car_description/share/rl_car_description/hook/ament_prefix_path.ps1'
[0.663s] INFO:colcon.colcon_core.shell:Creating environment descriptor '/home/liki777/graduation_project/ros2_ws/install/rl_car_description/share/rl_car_description/hook/ament_prefix_path.dsv'
[0.664s] INFO:colcon.colcon_core.shell:Creating environment hook '/home/liki777/graduation_project/ros2_ws/install/rl_car_description/share/rl_car_description/hook/ament_prefix_path.sh'
[0.664s] INFO:colcon.colcon_core.shell:Skip shell extension 'powershell' for command environment: Not usable outside of PowerShell
[0.664s] DEBUG:colcon.colcon_core.shell:Skip shell extension 'dsv' for command environment
[0.851s] INFO:colcon.colcon_core.task.python.build:Building Python package in '/home/liki777/graduation_project/ros2_ws/src/rl_car_description'
[0.852s] INFO:colcon.colcon_core.shell:Skip shell extension 'powershell' for command environment: Not usable outside of PowerShell
[0.852s] DEBUG:colcon.colcon_core.shell:Skip shell extension 'dsv' for command environment
[1.601s] DEBUG:colcon.colcon_core.event_handler.log_command:Invoking command in '/home/liki777/graduation_project/ros2_ws/build/rl_car_description': PYTHONPATH=/home/liki777/graduation_project/ros2_ws/build/rl_car_description/prefix_override:/usr/lib/python3/dist-packages/colcon_core/task/python/colcon_distutils_commands:/home/liki777/graduation_project/ros2_ws/install/rl_car_description/lib/python3.10/site-packages:${PYTHONPATH} /usr/bin/python3 -W ignore:setup.py install is deprecated -W ignore:easy_install command is deprecated setup.py develop --editable --build-directory /home/liki777/graduation_project/ros2_ws/build/rl_car_description/build --no-deps symlink_data
[1.864s] Level 1:colcon.colcon_core.shell:create_environment_hook('rl_car_description', 'pythonpath_develop')
[1.865s] INFO:colcon.colcon_core.shell:Creating environment hook '/home/liki777/graduation_project/ros2_ws/build/rl_car_description/share/rl_car_description/hook/pythonpath_develop.ps1'
[1.865s] DEBUG:colcon.colcon_core.event_handler.log_command:Invoked command in '/home/liki777/graduation_project/ros2_ws/build/rl_car_description' returned '0': PYTHONPATH=/home/liki777/graduation_project/ros2_ws/build/rl_car_description/prefix_override:/usr/lib/python3/dist-packages/colcon_core/task/python/colcon_distutils_commands:/home/liki777/graduation_project/ros2_ws/install/rl_car_description/lib/python3.10/site-packages:${PYTHONPATH} /usr/bin/python3 -W ignore:setup.py install is deprecated -W ignore:easy_install command is deprecated setup.py develop --editable --build-directory /home/liki777/graduation_project/ros2_ws/build/rl_car_description/build --no-deps symlink_data
[1.866s] INFO:colcon.colcon_core.shell:Creating environment descriptor '/home/liki777/graduation_project/ros2_ws/build/rl_car_description/share/rl_car_description/hook/pythonpath_develop.dsv'
[1.866s] INFO:colcon.colcon_core.shell:Creating environment hook '/home/liki777/graduation_project/ros2_ws/build/rl_car_description/share/rl_car_description/hook/pythonpath_develop.sh'
[1.873s] Level 1:colcon.colcon_core.environment:checking '/home/liki777/graduation_project/ros2_ws/install/rl_car_description' for CMake module files
[1.874s] Level 1:colcon.colcon_core.environment:checking '/home/liki777/graduation_project/ros2_ws/install/rl_car_description' for CMake config files
[1.874s] Level 1:colcon.colcon_core.environment:checking '/home/liki777/graduation_project/ros2_ws/install/rl_car_description/lib'
[1.874s] Level 1:colcon.colcon_core.environment:checking '/home/liki777/graduation_project/ros2_ws/install/rl_car_description/bin'
[1.874s] Level 1:colcon.colcon_core.environment:checking '/home/liki777/graduation_project/ros2_ws/install/rl_car_description/lib/pkgconfig/rl_car_description.pc'
[1.874s] Level 1:colcon.colcon_core.environment:checking '/home/liki777/graduation_project/ros2_ws/install/rl_car_description/lib/python3.10/site-packages'
[1.874s] Level 1:colcon.colcon_core.shell:create_environment_hook('rl_car_description', 'pythonpath')
[1.875s] INFO:colcon.colcon_core.shell:Creating environment hook '/home/liki777/graduation_project/ros2_ws/install/rl_car_description/share/rl_car_description/hook/pythonpath.ps1'
[1.875s] INFO:colcon.colcon_core.shell:Creating environment descriptor '/home/liki777/graduation_project/ros2_ws/install/rl_car_description/share/rl_car_description/hook/pythonpath.dsv'
[1.875s] INFO:colcon.colcon_core.shell:Creating environment hook '/home/liki777/graduation_project/ros2_ws/install/rl_car_description/share/rl_car_description/hook/pythonpath.sh'
[1.875s] Level 1:colcon.colcon_core.environment:checking '/home/liki777/graduation_project/ros2_ws/install/rl_car_description/bin'
[1.875s] Level 1:colcon.colcon_core.environment:create_environment_scripts_only(rl_car_description)
[1.876s] INFO:colcon.colcon_core.shell:Creating package script '/home/liki777/graduation_project/ros2_ws/install/rl_car_description/share/rl_car_description/package.ps1'
[1.876s] INFO:colcon.colcon_core.shell:Creating package descriptor '/home/liki777/graduation_project/ros2_ws/install/rl_car_description/share/rl_car_description/package.dsv'
[1.877s] INFO:colcon.colcon_core.shell:Creating package script '/home/liki777/graduation_project/ros2_ws/install/rl_car_description/share/rl_car_description/package.sh'
[1.878s] INFO:colcon.colcon_core.shell:Creating package script '/home/liki777/graduation_project/ros2_ws/install/rl_car_description/share/rl_car_description/package.bash'
[1.879s] INFO:colcon.colcon_core.shell:Creating package script '/home/liki777/graduation_project/ros2_ws/install/rl_car_description/share/rl_car_description/package.zsh'
[1.880s] Level 1:colcon.colcon_core.environment:create_file_with_runtime_dependencies(/home/liki777/graduation_project/ros2_ws/install/rl_car_description/share/colcon-core/packages/rl_car_description)
[1.881s] INFO:colcon.colcon_ros.task.ament_python.build:Building ROS package in '/home/liki777/graduation_project/ros2_ws/src/rl_car_gazebo' with build type 'ament_python'
[1.881s] Level 1:colcon.colcon_core.shell:create_environment_hook('rl_car_gazebo', 'ament_prefix_path')
[1.881s] INFO:colcon.colcon_core.shell:Creating environment hook '/home/liki777/graduation_project/ros2_ws/install/rl_car_gazebo/share/rl_car_gazebo/hook/ament_prefix_path.ps1'
[1.883s] INFO:colcon.colcon_core.shell:Creating environment descriptor '/home/liki777/graduation_project/ros2_ws/install/rl_car_gazebo/share/rl_car_gazebo/hook/ament_prefix_path.dsv'
[1.883s] INFO:colcon.colcon_core.shell:Creating environment hook '/home/liki777/graduation_project/ros2_ws/install/rl_car_gazebo/share/rl_car_gazebo/hook/ament_prefix_path.sh'
[1.883s] INFO:colcon.colcon_core.shell:Skip shell extension 'powershell' for command environment: Not usable outside of PowerShell
[1.883s] DEBUG:colcon.colcon_core.shell:Skip shell extension 'dsv' for command environment
[2.298s] INFO:colcon.colcon_core.task.python.build:Building Python package in '/home/liki777/graduation_project/ros2_ws/src/rl_car_gazebo'
[2.298s] INFO:colcon.colcon_core.shell:Skip shell extension 'powershell' for command environment: Not usable outside of PowerShell
[2.298s] DEBUG:colcon.colcon_core.shell:Skip shell extension 'dsv' for command environment
[2.912s] DEBUG:colcon.colcon_core.event_handler.log_command:Invoking command in '/home/liki777/graduation_project/ros2_ws/build/rl_car_gazebo': AMENT_PREFIX_PATH=/home/liki777/graduation_project/ros2_ws/install/rl_car_description:${AMENT_PREFIX_PATH} PYTHONPATH=/home/liki777/graduation_project/ros2_ws/build/rl_car_gazebo/prefix_override:/usr/lib/python3/dist-packages/colcon_core/task/python/colcon_distutils_commands:/home/liki777/graduation_project/ros2_ws/install/rl_car_gazebo/lib/python3.10/site-packages:/home/liki777/graduation_project/ros2_ws/build/rl_car_description:/home/liki777/graduation_project/ros2_ws/install/rl_car_description/lib/python3.10/site-packages:${PYTHONPATH} /usr/bin/python3 -W ignore:setup.py install is deprecated -W ignore:easy_install command is deprecated setup.py develop --editable --build-directory /home/liki777/graduation_project/ros2_ws/build/rl_car_gazebo/build --no-deps symlink_data
[3.172s] Level 1:colcon.colcon_core.shell:create_environment_hook('rl_car_gazebo', 'pythonpath_develop')
[3.172s] INFO:colcon.colcon_core.shell:Creating environment hook '/home/liki777/graduation_project/ros2_ws/build/rl_car_gazebo/share/rl_car_gazebo/hook/pythonpath_develop.ps1'
[3.173s] DEBUG:colcon.colcon_core.event_handler.log_command:Invoked command in '/home/liki777/graduation_project/ros2_ws/build/rl_car_gazebo' returned '0': AMENT_PREFIX_PATH=/home/liki777/graduation_project/ros2_ws/install/rl_car_description:${AMENT_PREFIX_PATH} PYTHONPATH=/home/liki777/graduation_project/ros2_ws/build/rl_car_gazebo/prefix_override:/usr/lib/python3/dist-packages/colcon_core/task/python/colcon_distutils_commands:/home/liki777/graduation_project/ros2_ws/install/rl_car_gazebo/lib/python3.10/site-packages:/home/liki777/graduation_project/ros2_ws/build/rl_car_description:/home/liki777/graduation_project/ros2_ws/install/rl_car_description/lib/python3.10/site-packages:${PYTHONPATH} /usr/bin/python3 -W ignore:setup.py install is deprecated -W ignore:easy_install command is deprecated setup.py develop --editable --build-directory /home/liki777/graduation_project/ros2_ws/build/rl_car_gazebo/build --no-deps symlink_data
[3.174s] INFO:colcon.colcon_core.shell:Creating environment descriptor '/home/liki777/graduation_project/ros2_ws/build/rl_car_gazebo/share/rl_car_gazebo/hook/pythonpath_develop.dsv'
[3.174s] INFO:colcon.colcon_core.shell:Creating environment hook '/home/liki777/graduation_project/ros2_ws/build/rl_car_gazebo/share/rl_car_gazebo/hook/pythonpath_develop.sh'
[3.174s] Level 1:colcon.colcon_core.environment:checking '/home/liki777/graduation_project/ros2_ws/install/rl_car_gazebo' for CMake module files
[3.174s] Level 1:colcon.colcon_core.environment:checking '/home/liki777/graduation_project/ros2_ws/install/rl_car_gazebo' for CMake config files
[3.175s] Level 1:colcon.colcon_core.environment:checking '/home/liki777/graduation_project/ros2_ws/install/rl_car_gazebo/lib'
[3.175s] Level 1:colcon.colcon_core.environment:checking '/home/liki777/graduation_project/ros2_ws/install/rl_car_gazebo/bin'
[3.175s] Level 1:colcon.colcon_core.environment:checking '/home/liki777/graduation_project/ros2_ws/install/rl_car_gazebo/lib/pkgconfig/rl_car_gazebo.pc'
[3.175s] Level 1:colcon.colcon_core.environment:checking '/home/liki777/graduation_project/ros2_ws/install/rl_car_gazebo/lib/python3.10/site-packages'
[3.175s] Level 1:colcon.colcon_core.shell:create_environment_hook('rl_car_gazebo', 'pythonpath')
[3.175s] INFO:colcon.colcon_core.shell:Creating environment hook '/home/liki777/graduation_project/ros2_ws/install/rl_car_gazebo/share/rl_car_gazebo/hook/pythonpath.ps1'
[3.175s] INFO:colcon.colcon_core.shell:Creating environment descriptor '/home/liki777/graduation_project/ros2_ws/install/rl_car_gazebo/share/rl_car_gazebo/hook/pythonpath.dsv'
[3.176s] INFO:colcon.colcon_core.shell:Creating environment hook '/home/liki777/graduation_project/ros2_ws/install/rl_car_gazebo/share/rl_car_gazebo/hook/pythonpath.sh'
[3.176s] Level 1:colcon.colcon_core.environment:checking '/home/liki777/graduation_project/ros2_ws/install/rl_car_gazebo/bin'
[3.176s] Level 1:colcon.colcon_core.environment:create_environment_scripts_only(rl_car_gazebo)
[3.176s] INFO:colcon.colcon_core.shell:Creating package script '/home/liki777/graduation_project/ros2_ws/install/rl_car_gazebo/share/rl_car_gazebo/package.ps1'
[3.176s] INFO:colcon.colcon_core.shell:Creating package descriptor '/home/liki777/graduation_project/ros2_ws/install/rl_car_gazebo/share/rl_car_gazebo/package.dsv'
[3.177s] INFO:colcon.colcon_core.shell:Creating package script '/home/liki777/graduation_project/ros2_ws/install/rl_car_gazebo/share/rl_car_gazebo/package.sh'
[3.177s] INFO:colcon.colcon_core.shell:Creating package script '/home/liki777/graduation_project/ros2_ws/install/rl_car_gazebo/share/rl_car_gazebo/package.bash'
[3.177s] INFO:colcon.colcon_core.shell:Creating package script '/home/liki777/graduation_project/ros2_ws/install/rl_car_gazebo/share/rl_car_gazebo/package.zsh'
[3.177s] Level 1:colcon.colcon_core.environment:create_file_with_runtime_dependencies(/home/liki777/graduation_project/ros2_ws/install/rl_car_gazebo/share/colcon-core/packages/rl_car_gazebo)
[3.178s] DEBUG:colcon.colcon_parallel_executor.executor.parallel:closing loop
[3.178s] DEBUG:colcon.colcon_parallel_executor.executor.parallel:loop closed
[3.178s] DEBUG:colcon.colcon_parallel_executor.executor.parallel:run_until_complete finished with '0'
[3.178s] DEBUG:colcon.colcon_core.event_reactor:joining thread
[3.290s] INFO:colcon.colcon_core.plugin_system:Skipping extension 'colcon_notification.desktop_notification.notify_send': Could not find 'notify-send'
[3.290s] INFO:colcon.colcon_core.plugin_system:Skipping extension 'colcon_notification.desktop_notification.terminal_notifier': Not used on non-Darwin systems
[3.291s] INFO:colcon.colcon_core.plugin_system:Skipping extension 'colcon_notification.desktop_notification.win32': Not used on non-Windows systems
[3.291s] INFO:colcon.colcon_notification.desktop_notification:Sending desktop notification using 'notify2'
[3.292s] DEBUG:colcon.colcon_notification.desktop_notification.notify2:Failed to initialize notify2: org.freedesktop.DBus.Error.ServiceUnknown: The name org.freedesktop.Notifications was not provided by any .service files
[3.292s] DEBUG:colcon.colcon_core.event_reactor:joined thread
[3.293s] INFO:colcon.colcon_core.shell:Creating prefix script '/home/liki777/graduation_project/ros2_ws/install/local_setup.ps1'
[3.294s] INFO:colcon.colcon_core.shell:Creating prefix util module '/home/liki777/graduation_project/ros2_ws/install/_local_setup_util_ps1.py'
[3.295s] INFO:colcon.colcon_core.shell:Creating prefix chain script '/home/liki777/graduation_project/ros2_ws/install/setup.ps1'
[3.295s] INFO:colcon.colcon_core.shell:Creating prefix script '/home/liki777/graduation_project/ros2_ws/install/local_setup.sh'
[3.296s] INFO:colcon.colcon_core.shell:Creating prefix util module '/home/liki777/graduation_project/ros2_ws/install/_local_setup_util_sh.py'
[3.297s] INFO:colcon.colcon_core.shell:Creating prefix chain script '/home/liki777/graduation_project/ros2_ws/install/setup.sh'
[3.298s] INFO:colcon.colcon_core.shell:Creating prefix script '/home/liki777/graduation_project/ros2_ws/install/local_setup.bash'
[3.299s] INFO:colcon.colcon_core.shell:Creating prefix chain script '/home/liki777/graduation_project/ros2_ws/install/setup.bash'
[3.301s] INFO:colcon.colcon_core.shell:Creating prefix script '/home/liki777/graduation_project/ros2_ws/install/local_setup.zsh'
[3.301s] INFO:colcon.colcon_core.shell:Creating prefix chain script '/home/liki777/graduation_project/ros2_ws/install/setup.zsh'
