[INFO] [launch]: All log files can be found below /home/liki777/.ros/log/2026-03-26-16-16-18-801616-LAPTOP-UI1FG0H1-3836
[INFO] [launch]: Default logging verbosity is set to INFO
[INFO] [gzserver-1]: process started with pid [3862]
[INFO] [gzclient-2]: process started with pid [3864]
[INFO] [robot_state_publisher-3]: process started with pid [3866]
[robot_state_publisher-3] [WARN] [1774512979.019000491] [kdl_parser]: The root link base_link has an inertia specified in the URDF, but KDL does not support a root link with an inertia.  As a workaround, you can add an extra dummy link to your URDF.
[robot_state_publisher-3] [INFO] [1774512979.019086497] [robot_state_publisher]: got segment base_footprint
[robot_state_publisher-3] [INFO] [1774512979.019134265] [robot_state_publisher]: got segment base_link
[robot_state_publisher-3] [INFO] [1774512979.019140013] [robot_state_publisher]: got segment camera_link
[robot_state_publisher-3] [INFO] [1774512979.019142517] [robot_state_publisher]: got segment camera_link_optical
[robot_state_publisher-3] [INFO] [1774512979.019145082] [robot_state_publisher]: got segment caster_wheel
[robot_state_publisher-3] [INFO] [1774512979.019147558] [robot_state_publisher]: got segment chassis
[robot_state_publisher-3] [INFO] [1774512979.019149923] [robot_state_publisher]: got segment laser_frame
[robot_state_publisher-3] [INFO] [1774512979.019152211] [robot_state_publisher]: got segment left_wheel
[robot_state_publisher-3] [INFO] [1774512979.019154581] [robot_state_publisher]: got segment right_wheel
[gzserver-1] Gazebo multi-robot simulator, version 11.10.2
[gzserver-1] Copyright (C) 2012 Open Source Robotics Foundation.
[gzserver-1] Released under the Apache 2 License.
[gzserver-1] http://gazebosim.org
[gzserver-1] 
[gzserver-1] [1;33m[Wrn] [gazebo_ros_init.cpp:178] [0m[1;33m
[gzserver-1] #     # ####### ####### ###  #####  #######
[gzserver-1] ##    # #     #    #     #  #     # #
[gzserver-1] # #   # #     #    #     #  #       #
[gzserver-1] #  #  # #     #    #     #  #       #####
[gzserver-1] #   # # #     #    #     #  #       #
[gzserver-1] #    ## #     #    #     #  #     # #
[gzserver-1] #     # #######    #    ###  #####  #######
[gzserver-1] 
[gzserver-1] This version of Gazebo, now called Gazebo classic, reaches end-of-life
[gzserver-1] in January 2025. Users are highly encouraged to migrate to the new Gazebo
[gzserver-1] using our migration guides (https://gazebosim.org/docs/latest/gazebo_classic_migration?utm_source=gazebo_ros_pkgs&utm_medium=cli)
[gzserver-1] 
[gzserver-1] [0m[1;33m
[INFO] [spawn_entity.py-4]: process started with pid [4098]
[gzserver-1] [1;32m[Msg] [0m[1;32mWaiting for master.[0m[1;32m
[gzserver-1] [0m[1;32m[0m[1;32m[0m[1;32m[Msg] [0m[1;32mConnected to gazebo master @ [0m[1;32mhttp://127.0.0.1:11345[0m[1;32m
[gzserver-1] [0m[1;32m[0m[1;32m[0m[1;32m[Msg] [0m[1;32mPublicized address: [0m[1;32m10.255.255.254[0m[1;32m
[gzserver-1] [0m[1;32m[0m[1;32m[0m[1;32m[Msg] [0m[1;32mLoading world file [[0m[1;32m/home/liki777/graduation_project/ros2_ws/install/rl_car_gazebo/share/rl_car_gazebo/worlds/empty.world[0m[1;32m][0m[1;32m
[spawn_entity.py-4] [INFO] [1774512984.496085325] [spawn_entity]: Spawn Entity started
[spawn_entity.py-4] [INFO] [1774512984.496406484] [spawn_entity]: Loading entity published on topic robot_description
[spawn_entity.py-4] [INFO] [1774512984.497968625] [spawn_entity]: Waiting for entity xml on robot_description
[spawn_entity.py-4] [INFO] [1774512984.509906140] [spawn_entity]: Waiting for service /spawn_entity, timeout = 30
[spawn_entity.py-4] [INFO] [1774512984.510142552] [spawn_entity]: Waiting for service /spawn_entity
[spawn_entity.py-4] [INFO] [1774512984.512791075] [spawn_entity]: Calling service /spawn_entity
[gzserver-1] [0m[1;33m[0m[1;33m[0m[1;33m[Wrn] [Event.cc:61] [0m[1;33mWarning: Deleting a connection right after creation. [0m[1;33mMake sure to save the ConnectionPtr from a Connect call
[gzserver-1] [0m[INFO] [1774512984.905300302] [depth_cam.camera_controller]: Publishing camera info to [/depth_cam/camera/camera_info]
[gzserver-1] [INFO] [1774512984.906243812] [depth_cam.camera_controller]: Publishing depth camera info to [/depth_cam/camera/depth/camera_info]
[gzserver-1] [INFO] [1774512984.906807926] [depth_cam.camera_controller]: Publishing pointcloud to [/depth_cam/camera/points]
[spawn_entity.py-4] [INFO] [1774512984.912293094] [spawn_entity]: Spawn status: SpawnEntity: Successfully spawned entity [rl_car]
[gzserver-1] [INFO] [1774512985.026753359] [diff_drive]: Wheel pair 1 separation set to [0.297000m]
[gzserver-1] [INFO] [1774512985.026852405] [diff_drive]: Wheel pair 1 diameter set to [0.066000m]
[gzserver-1] [INFO] [1774512985.028097206] [diff_drive]: Subscribed to [/cmd_vel]
[gzserver-1] [INFO] [1774512985.030423720] [diff_drive]: Advertise odometry on [/odom]
[gzserver-1] [INFO] [1774512985.032346211] [diff_drive]: Publishing odom transforms between [odom] and [base_link]
[gzserver-1] [INFO] [1774512985.032382511] [diff_drive]: Publishing wheel transforms between [base_link], [left_wheel_joint] and [right_wheel_joint]
[INFO] [spawn_entity.py-4]: process has finished cleanly [pid 4098]
[gzserver-1] [1;33m[Wrn] [Publisher.cc:135] [0m[1;33mQueue limit reached for topic [0m[1;33m/gazebo/default/pose/local/info[0m[1;33m, deleting message. [0m[1;33mThis warning is printed only once.[0m[1;33m
