running develop
running egg_info
creating rl_car_description.egg-info
writing rl_car_description.egg-info/PKG-INFO
writing dependency_links to rl_car_description.egg-info/dependency_links.txt
writing requirements to rl_car_description.egg-info/requires.txt
writing top-level names to rl_car_description.egg-info/top_level.txt
writing manifest file 'rl_car_description.egg-info/SOURCES.txt'
reading manifest file 'rl_car_description.egg-info/SOURCES.txt'
writing manifest file 'rl_car_description.egg-info/SOURCES.txt'
running build_ext
Creating /home/liki777/graduation_project/ros2_ws/install/rl_car_description/lib/python3.10/site-packages/rl-car-description.egg-link (link to .)

Installed /home/liki777/graduation_project/ros2_ws/build/rl_car_description
running symlink_data
creating /home/liki777/graduation_project/ros2_ws/install/rl_car_description/share/ament_index
creating /home/liki777/graduation_project/ros2_ws/install/rl_car_description/share/ament_index/resource_index
creating /home/liki777/graduation_project/ros2_ws/install/rl_car_description/share/ament_index/resource_index/packages
symbolically linking /home/liki777/graduation_project/ros2_ws/build/rl_car_description/resource/rl_car_description -> /home/liki777/graduation_project/ros2_ws/install/rl_car_description/share/ament_index/resource_index/packages
symbolically linking /home/liki777/graduation_project/ros2_ws/build/rl_car_description/package.xml -> /home/liki777/graduation_project/ros2_ws/install/rl_car_description/share/rl_car_description
symbolically linking /home/liki777/graduation_project/ros2_ws/build/rl_car_description/robot.urdf -> /home/liki777/graduation_project/ros2_ws/install/rl_car_description/share/rl_car_description
symbolically linking /home/liki777/graduation_project/ros2_ws/build/rl_car_description/robot.urdf.xacro -> /home/liki777/graduation_project/ros2_ws/install/rl_car_description/share/rl_car_description
symbolically linking /home/liki777/graduation_project/ros2_ws/build/rl_car_description/robot_core.xacro -> /home/liki777/graduation_project/ros2_ws/install/rl_car_description/share/rl_car_description
symbolically linking /home/liki777/graduation_project/ros2_ws/build/rl_car_description/gazebo_control.xacro -> /home/liki777/graduation_project/ros2_ws/install/rl_car_description/share/rl_car_description
symbolically linking /home/liki777/graduation_project/ros2_ws/build/rl_car_description/lidar.xacro -> /home/liki777/graduation_project/ros2_ws/install/rl_car_description/share/rl_car_description
symbolically linking /home/liki777/graduation_project/ros2_ws/build/rl_car_description/depth_camera.xacro -> /home/liki777/graduation_project/ros2_ws/install/rl_car_description/share/rl_car_description
symbolically linking /home/liki777/graduation_project/ros2_ws/build/rl_car_description/inertial_macros.xacro -> /home/liki777/graduation_project/ros2_ws/install/rl_car_description/share/rl_car_description
