[0.943s] Invoking command in '/home/liki777/graduation_project/ros2_ws/build/rl_car_description': PYTHONPATH=/home/liki777/graduation_project/ros2_ws/build/rl_car_description/prefix_override:/usr/lib/python3/dist-packages/colcon_core/task/python/colcon_distutils_commands:/home/liki777/graduation_project/ros2_ws/install/rl_car_description/lib/python3.10/site-packages:${PYTHONPATH} /usr/bin/python3 -W ignore:setup.py install is deprecated -W ignore:easy_install command is deprecated setup.py develop --editable --build-directory /home/liki777/graduation_project/ros2_ws/build/rl_car_description/build --no-deps symlink_data
[1.097s] running develop
[1.184s] running egg_info
[1.184s] creating rl_car_description.egg-info
[1.184s] writing rl_car_description.egg-info/PKG-INFO
[1.184s] writing dependency_links to rl_car_description.egg-info/dependency_links.txt
[1.184s] writing requirements to rl_car_description.egg-info/requires.txt
[1.184s] writing top-level names to rl_car_description.egg-info/top_level.txt
[1.184s] writing manifest file 'rl_car_description.egg-info/SOURCES.txt'
[1.185s] reading manifest file 'rl_car_description.egg-info/SOURCES.txt'
[1.185s] writing manifest file 'rl_car_description.egg-info/SOURCES.txt'
[1.186s] running build_ext
[1.187s] Creating /home/liki777/graduation_project/ros2_ws/install/rl_car_description/lib/python3.10/site-packages/rl-car-description.egg-link (link to .)
[1.187s] 
[1.187s] Installed /home/liki777/graduation_project/ros2_ws/build/rl_car_description
[1.187s] running symlink_data
[1.187s] creating /home/liki777/graduation_project/ros2_ws/install/rl_car_description/share/ament_index
[1.187s] creating /home/liki777/graduation_project/ros2_ws/install/rl_car_description/share/ament_index/resource_index
[1.187s] creating /home/liki777/graduation_project/ros2_ws/install/rl_car_description/share/ament_index/resource_index/packages
[1.187s] symbolically linking /home/liki777/graduation_project/ros2_ws/build/rl_car_description/resource/rl_car_description -> /home/liki777/graduation_project/ros2_ws/install/rl_car_description/share/ament_index/resource_index/packages
[1.188s] symbolically linking /home/liki777/graduation_project/ros2_ws/build/rl_car_description/package.xml -> /home/liki777/graduation_project/ros2_ws/install/rl_car_description/share/rl_car_description
[1.188s] symbolically linking /home/liki777/graduation_project/ros2_ws/build/rl_car_description/robot.urdf -> /home/liki777/graduation_project/ros2_ws/install/rl_car_description/share/rl_car_description
[1.188s] symbolically linking /home/liki777/graduation_project/ros2_ws/build/rl_car_description/robot.urdf.xacro -> /home/liki777/graduation_project/ros2_ws/install/rl_car_description/share/rl_car_description
[1.188s] symbolically linking /home/liki777/graduation_project/ros2_ws/build/rl_car_description/robot_core.xacro -> /home/liki777/graduation_project/ros2_ws/install/rl_car_description/share/rl_car_description
[1.188s] symbolically linking /home/liki777/graduation_project/ros2_ws/build/rl_car_description/gazebo_control.xacro -> /home/liki777/graduation_project/ros2_ws/install/rl_car_description/share/rl_car_description
[1.189s] symbolically linking /home/liki777/graduation_project/ros2_ws/build/rl_car_description/lidar.xacro -> /home/liki777/graduation_project/ros2_ws/install/rl_car_description/share/rl_car_description
[1.189s] symbolically linking /home/liki777/graduation_project/ros2_ws/build/rl_car_description/depth_camera.xacro -> /home/liki777/graduation_project/ros2_ws/install/rl_car_description/share/rl_car_description
[1.189s] symbolically linking /home/liki777/graduation_project/ros2_ws/build/rl_car_description/inertial_macros.xacro -> /home/liki777/graduation_project/ros2_ws/install/rl_car_description/share/rl_car_description
[1.206s] Invoked command in '/home/liki777/graduation_project/ros2_ws/build/rl_car_description' returned '0': PYTHONPATH=/home/liki777/graduation_project/ros2_ws/build/rl_car_description/prefix_override:/usr/lib/python3/dist-packages/colcon_core/task/python/colcon_distutils_commands:/home/liki777/graduation_project/ros2_ws/install/rl_car_description/lib/python3.10/site-packages:${PYTHONPATH} /usr/bin/python3 -W ignore:setup.py install is deprecated -W ignore:easy_install command is deprecated setup.py develop --editable --build-directory /home/liki777/graduation_project/ros2_ws/build/rl_car_description/build --no-deps symlink_data
