running develop
Removing /home/liki777/graduation_project/ros2_ws/install/rl_car_gazebo/lib/python3.10/site-packages/rl-car-gazebo.egg-link (link to .)
running egg_info
writing ../../build/rl_car_gazebo/rl_car_gazebo.egg-info/PKG-INFO
writing dependency_links to ../../build/rl_car_gazebo/rl_car_gazebo.egg-info/dependency_links.txt
writing requirements to ../../build/rl_car_gazebo/rl_car_gazebo.egg-info/requires.txt
writing top-level names to ../../build/rl_car_gazebo/rl_car_gazebo.egg-info/top_level.txt
reading manifest file '../../build/rl_car_gazebo/rl_car_gazebo.egg-info/SOURCES.txt'
writing manifest file '../../build/rl_car_gazebo/rl_car_gazebo.egg-info/SOURCES.txt'
running build
running build_py
creating /home/liki777/graduation_project/ros2_ws/build/rl_car_gazebo/build
creating /home/liki777/graduation_project/ros2_ws/build/rl_car_gazebo/build/lib
creating /home/liki777/graduation_project/ros2_ws/build/rl_car_gazebo/build/lib/rl_car_gazebo
copying rl_car_gazebo/__init__.py -> /home/liki777/graduation_project/ros2_ws/build/rl_car_gazebo/build/lib/rl_car_gazebo
running install
running install_lib
creating /home/liki777/graduation_project/ros2_ws/install/rl_car_gazebo/lib/python3.10/site-packages/rl_car_gazebo
copying /home/liki777/graduation_project/ros2_ws/build/rl_car_gazebo/build/lib/rl_car_gazebo/__init__.py -> /home/liki777/graduation_project/ros2_ws/install/rl_car_gazebo/lib/python3.10/site-packages/rl_car_gazebo
byte-compiling /home/liki777/graduation_project/ros2_ws/install/rl_car_gazebo/lib/python3.10/site-packages/rl_car_gazebo/__init__.py to __init__.cpython-310.pyc
running install_data
copying resource/rl_car_gazebo -> /home/liki777/graduation_project/ros2_ws/install/rl_car_gazebo/share/ament_index/resource_index/packages
copying package.xml -> /home/liki777/graduation_project/ros2_ws/install/rl_car_gazebo/share/rl_car_gazebo
copying launch/sim.launch.py -> /home/liki777/graduation_project/ros2_ws/install/rl_car_gazebo/share/rl_car_gazebo/launch
copying empty.world -> /home/liki777/graduation_project/ros2_ws/install/rl_car_gazebo/share/rl_car_gazebo/worlds
copying maze.world -> /home/liki777/graduation_project/ros2_ws/install/rl_car_gazebo/share/rl_car_gazebo/worlds
running install_egg_info
Copying ../../build/rl_car_gazebo/rl_car_gazebo.egg-info to /home/liki777/graduation_project/ros2_ws/install/rl_car_gazebo/lib/python3.10/site-packages/rl_car_gazebo-0.0.1-py3.10.egg-info
running install_scripts
writing list of installed files to '/home/liki777/graduation_project/ros2_ws/build/rl_car_gazebo/install.log'
