[1.744s] Invoking command in '/home/liki777/graduation_project/ros2_ws/build/rl_car_description': PYTHONPATH=/home/liki777/graduation_project/ros2_ws/build/rl_car_description/prefix_override:/usr/lib/python3/dist-packages/colcon_core/task/python/colcon_distutils_commands:/home/liki777/graduation_project/ros2_ws/install/rl_car_description/lib/python3.10/site-packages:${PYTHONPATH} /usr/bin/python3 -W ignore:setup.py install is deprecated -W ignore:easy_install command is deprecated setup.py develop --uninstall --editable --build-directory /home/liki777/graduation_project/ros2_ws/build/rl_car_description/build
[2.196s] running develop
[2.475s] Removing /home/liki777/graduation_project/ros2_ws/install/rl_car_description/lib/python3.10/site-packages/rl-car-description.egg-link (link to .)
[2.530s] Invoked command in '/home/liki777/graduation_project/ros2_ws/build/rl_car_description' returned '0': PYTHONPATH=/home/liki777/graduation_project/ros2_ws/build/rl_car_description/prefix_override:/usr/lib/python3/dist-packages/colcon_core/task/python/colcon_distutils_commands:/home/liki777/graduation_project/ros2_ws/install/rl_car_description/lib/python3.10/site-packages:${PYTHONPATH} /usr/bin/python3 -W ignore:setup.py install is deprecated -W ignore:easy_install command is deprecated setup.py develop --uninstall --editable --build-directory /home/liki777/graduation_project/ros2_ws/build/rl_car_description/build
[2.535s] Invoking command in '/home/liki777/graduation_project/ros2_ws/src/rl_car_description': PYTHONPATH=/home/liki777/graduation_project/ros2_ws/build/rl_car_description/prefix_override:/usr/lib/python3/dist-packages/colcon_core/task/python/colcon_distutils_commands:/home/liki777/graduation_project/ros2_ws/install/rl_car_description/lib/python3.10/site-packages:${PYTHONPATH} /usr/bin/python3 -W ignore:setup.py install is deprecated -W ignore:easy_install command is deprecated setup.py egg_info --egg-base ../../build/rl_car_description build --build-base /home/liki777/graduation_project/ros2_ws/build/rl_car_description/build install --record /home/liki777/graduation_project/ros2_ws/build/rl_car_description/install.log --single-version-externally-managed install_data --force
[2.986s] running egg_info
[2.987s] writing ../../build/rl_car_description/rl_car_description.egg-info/PKG-INFO
[2.988s] writing dependency_links to ../../build/rl_car_description/rl_car_description.egg-info/dependency_links.txt
[2.989s] writing requirements to ../../build/rl_car_description/rl_car_description.egg-info/requires.txt
[2.989s] writing top-level names to ../../build/rl_car_description/rl_car_description.egg-info/top_level.txt
[2.990s] reading manifest file '../../build/rl_car_description/rl_car_description.egg-info/SOURCES.txt'
[2.998s] writing manifest file '../../build/rl_car_description/rl_car_description.egg-info/SOURCES.txt'
[2.998s] running build
[2.998s] running install
[2.999s] running install_data
[3.000s] copying resource/rl_car_description -> /home/liki777/graduation_project/ros2_ws/install/rl_car_description/share/ament_index/resource_index/packages
[3.001s] copying package.xml -> /home/liki777/graduation_project/ros2_ws/install/rl_car_description/share/rl_car_description
[3.001s] copying robot.urdf -> /home/liki777/graduation_project/ros2_ws/install/rl_car_description/share/rl_car_description
[3.001s] copying robot.urdf.xacro -> /home/liki777/graduation_project/ros2_ws/install/rl_car_description/share/rl_car_description
[3.003s] copying robot_core.xacro -> /home/liki777/graduation_project/ros2_ws/install/rl_car_description/share/rl_car_description
[3.004s] copying gazebo_control.xacro -> /home/liki777/graduation_project/ros2_ws/install/rl_car_description/share/rl_car_description
[3.005s] copying lidar.xacro -> /home/liki777/graduation_project/ros2_ws/install/rl_car_description/share/rl_car_description
[3.007s] copying depth_camera.xacro -> /home/liki777/graduation_project/ros2_ws/install/rl_car_description/share/rl_car_description
[3.010s] copying inertial_macros.xacro -> /home/liki777/graduation_project/ros2_ws/install/rl_car_description/share/rl_car_description
[3.012s] running install_egg_info
[3.018s] Copying ../../build/rl_car_description/rl_car_description.egg-info to /home/liki777/graduation_project/ros2_ws/install/rl_car_description/lib/python3.10/site-packages/rl_car_description-0.0.1-py3.10.egg-info
[3.021s] running install_scripts
[3.059s] writing list of installed files to '/home/liki777/graduation_project/ros2_ws/build/rl_car_description/install.log'
[3.118s] Invoked command in '/home/liki777/graduation_project/ros2_ws/src/rl_car_description' returned '0': PYTHONPATH=/home/liki777/graduation_project/ros2_ws/build/rl_car_description/prefix_override:/usr/lib/python3/dist-packages/colcon_core/task/python/colcon_distutils_commands:/home/liki777/graduation_project/ros2_ws/install/rl_car_description/lib/python3.10/site-packages:${PYTHONPATH} /usr/bin/python3 -W ignore:setup.py install is deprecated -W ignore:easy_install command is deprecated setup.py egg_info --egg-base ../../build/rl_car_description build --build-base /home/liki777/graduation_project/ros2_ws/build/rl_car_description/build install --record /home/liki777/graduation_project/ros2_ws/build/rl_car_description/install.log --single-version-externally-managed install_data --force
